"../../../Engine/Content/Maps/Templates/Thumbnails/Default.uasset" 0
"../../../Engine/Content/Maps/Templates/Thumbnails/VR-Basic.uasset" 1
"../../../Engine/Content/MobileResources/T_MobileControls_texture.uasset" 2
"../../../Engine/Content/MobileResources/T_MobileMenu2.uasset" 3
"../../../Engine/Content/MobileResources/HUD/MobileHUDDirectionPad3.uasset" 4
"../../../Engine/Content/MobileResources/HUD/MobileHUDButton2_off.uasset" 5
"../../../Engine/Content/MobileResources/HUD/MobileHUDButton3.uasset" 6
"../../../Engine/Content/MobileResources/HUD/T_Castle_ThumbstickInner.uasset" 7
"../../../Engine/Content/MobileResources/HUD/MobileHUDDirectionStick.uasset" 8
"../../../Engine/Content/MobileResources/HUD/VirtualJoystick_Background.uasset" 9
"../../../Engine/Content/MobileResources/HUD/VirtualJoystick_Thumb.uasset" 10
"../../../Engine/Content/MobileResources/HUD/DefaultVirtualJoysticks.uasset" 11
"../../../Engine/Content/MobileResources/HUD/T_Castle_ThumbstickOutter.uasset" 12
"../../../Engine/Content/MobileResources/HUD/MobileHUDButton2_on.uasset" 13
"../../../Engine/Content/MobileResources/HUD/MobileHUDDirectionPad2.uasset" 14
"../../../Engine/Content/MobileResources/HUD/MobileHUDDirectionPad.uasset" 15
"../../../Engine/Content/MobileResources/HUD/AnalogHat.uasset" 16
"../../../Engine/Content/MobileResources/HUD/MobileHUDButton1_on.uasset" 17
"../../../Engine/Content/MobileResources/HUD/MobileHUDButtonFire.uasset" 18
"../../../Engine/Content/MobileResources/HUD/LeftVirtualJoystickOnly.uasset" 19
"../../../Engine/Content/MobileResources/HUD/MobileHUDButton1_off.uasset" 20
"../../../Engine/Content/Tutorial/ContentIntroCurve.uasset" 21
"../../../Engine/Content/Tutorial/Basics/TutorialAssets/icon_tab_Levels_40x.uasset" 22
"../../../Engine/Content/Tutorial/SubEditors/TutorialAssets/icon_ShowSkeletalMeshes_40x.uasset" 23
"../../../Engine/Content/Tutorial/SubEditors/TutorialAssets/icon_Editor_Preferences_General_40x.uasset" 24
"../../../Engine/Content/Tutorial/SubEditors/TutorialAssets/TutorialMaterial.uasset" 25
"../../../Engine/Content/Tutorial/SubEditors/TutorialAssets/T_SmokeSubUV_8X8.uasset" 26
"../../../Engine/Content/Tutorial/SubEditors/TutorialAssets/T_soft_smoke.uasset" 27
"../../../Engine/Content/Tutorial/SubEditors/TutorialAssets/M_smoke_subUV_blackbody.uasset" 28
"../../../Engine/Content/Tutorial/SubEditors/TutorialAssets/TutorialParticleSystem.uasset" 29
"../../../Engine/Content/Tutorial/Paper2D/TutorialAssets/Paper2DFlipbook_TutorialIcon.uasset" 30
"../../../Engine/Content/Tutorial/Paper2D/TutorialAssets/Paper2DSprite_TutorialIcon.uasset" 31
"../../../Engine/Content/Tutorial/BlueprintTutorials/TutorialAssets/BlueprintMacroLibrary_64x.uasset" 32
"../../../Engine/Content/Tutorial/BlueprintTutorials/TutorialAssets/Blueprint_64x.uasset" 33
"../../../Engine/Content/Tutorial/BlueprintTutorials/TutorialAssets/BlueprintInterface_64x.uasset" 34
"../../../Engine/Content/Tutorial/BlueprintTutorials/TutorialAssets/Tutorial_BP_Interface.uasset" 35
"../../../Engine/Content/Tutorial/Foliage/TutorialAssets/Foliage.uasset" 36
"../../../Engine/Content/Tutorial/Landscape/TutorialAssets/Landscape.uasset" 37
"../../../Engine/Content/EngineResources/DefaultTextureCube.uasset" 38
"../../../Engine/Content/EngineResources/DefaultTexture.uasset" 39
"../../../Engine/Content/EngineResources/StreamingPauseIcon.uasset" 40
"../../../Engine/Content/EngineResources/M_StreamingPause.uasset" 41
"../../../Engine/Content/EngineResources/GradientTexture0.uasset" 42
"../../../Engine/Content/EditorLandscapeResources/DataLayer.uasset" 43
"../../../Engine/Content/EditorLandscapeResources/LandscapeGizmo_Mat.uasset" 44
"../../../Engine/Content/EditorLandscapeResources/LandscapeGizmo_Mat_Copied.uasset" 45
"../../../Engine/Content/EditorLandscapeResources/SplineEditorMeshMat.uasset" 46
"../../../Engine/Content/EditorLandscapeResources/SplineEditorMesh.uasset" 47
"../../../Engine/Content/EditorLandscapeResources/LandscapeGizmoHeight_Mat.uasset" 48
"../../../Engine/Content/EditorLandscapeResources/DefaultAlphaTexture.uasset" 49
"../../../Engine/Content/EditorSounds/Notifications/CompileSuccess.uasset" 50
"../../../Engine/Content/EditorSounds/Notifications/CompileSuccess_Cue.uasset" 51
"../../../Engine/Content/EditorSounds/Notifications/CompileFailed.uasset" 52
"../../../Engine/Content/EditorSounds/Notifications/CompileFailed_Cue.uasset" 53
"../../../Engine/Content/EditorSounds/Notifications/CompileStart_Cue.uasset" 54
"../../../Engine/Content/EditorMeshes/EditorCube.uasset" 55
"../../../Engine/Content/EditorMeshes/EditorPlane.uasset" 56
"../../../Engine/Content/EditorMeshes/EditorCylinder.uasset" 57
"../../../Engine/Content/EditorMaterials/Thumbnails/SkySphereMaterial.uasset" 58
"../../../Engine/Content/EditorMeshes/EditorSkySphere.uasset" 59
"../../../Engine/Content/Functions/Engine_MaterialFunctions01/Shading/ConvertFromDiffSpec.uasset" 60
"../../../Engine/Content/EditorMaterials/GridMaterial.uasset" 61
"../../../Engine/Content/EditorMeshes/PhAT_FloorBox.uasset" 62
"../../../Engine/Content/EditorMeshes/EditorSphere.uasset" 63
"../../../Engine/Content/EditorMeshes/AssetViewer/Floor_Mesh.uasset" 64
"../../../Engine/Content/EditorMeshes/AssetViewer/Sphere_inversenormals.uasset" 65
"../../../Engine/Content/EditorMaterials/Camera/CineMat.uasset" 66
"../../../Engine/Content/EditorMaterials/Camera/MI_CineMat_Rig.uasset" 67
"../../../Engine/Content/EditorMeshes/Camera/SM_CraneRig_Body.uasset" 68
"../../../Engine/Content/EditorMeshes/Camera/SM_RailRig_Mount.uasset" 69
"../../../Engine/Content/EditorMaterials/Camera/MI_CineMat_CameraBody.uasset" 70
"../../../Engine/Content/EngineDebugMaterials/M_SimpleOpaque.uasset" 71
"../../../Engine/Content/EditorMaterials/Camera/MI_CineMat_CamViewFinder.uasset" 72
"../../../Engine/Content/EditorMeshes/Camera/SM_CineCam.uasset" 73
"../../../Engine/Content/EditorMeshes/Camera/SM_CraneRig_Base.uasset" 74
"../../../Engine/Content/EditorMeshes/Camera/SM_CraneRig_Mount.uasset" 75
"../../../Engine/Content/EditorMeshes/Camera/SM_CraneRig_Arm.uasset" 76
"../../../Engine/Content/EditorMeshes/Camera/SM_RailRig_Track.uasset" 77
"../../../Engine/Content/EditorMeshes/ColorCalibrator/M_ChromeBall.uasset" 78
"../../../Engine/Content/EditorMeshes/ColorCalibrator/M_ClearCoat.uasset" 79
"../../../Engine/Content/EditorMeshes/ColorCalibrator/M_ClearCoatBlack.uasset" 80
"../../../Engine/Content/EditorMeshes/ColorCalibrator/Color_checker.uasset" 81
"../../../Engine/Content/EditorMeshes/ColorCalibrator/M_ColorGrid.uasset" 82
"../../../Engine/Content/EditorMeshes/ColorCalibrator/M_GreyBall.uasset" 83
"../../../Engine/Content/EditorMeshes/ColorCalibrator/SM_ColorCalibrator.uasset" 84
"../../../Engine/Content/EngineFonts/Faces/RobotoTiny.uasset" 85
"../../../Engine/Content/EngineFonts/RobotoTiny.uasset" 86
"../../../Engine/Content/EngineFonts/SmallFont.uasset" 87
"../../../Engine/Content/EngineFonts/Faces/RobotoBold.uasset" 88
"../../../Engine/Content/EngineFonts/Faces/RobotoBoldItalic.uasset" 89
"../../../Engine/Content/EngineFonts/Faces/RobotoItalic.uasset" 90
"../../../Engine/Content/EngineFonts/Faces/RobotoLight.uasset" 91
"../../../Engine/Content/EngineFonts/Faces/RobotoRegular.uasset" 92
"../../../Engine/Content/EngineFonts/Roboto.uasset" 93
"../../../Engine/Content/EngineFonts/TinyFont.uasset" 94
"../../../Engine/Content/EngineDamageTypes/DmgTypeBP_Environmental.uasset" 95
"../../../Engine/Content/EditorBlueprintResources/ActorMacros.uasset" 96
"../../../Engine/Content/ArtTools/RenderToTexture/Enums/RenderToTexture_Enum.uasset" 97
"../../../Engine/Content/ArtTools/RenderToTexture/Enums/RenderToTexture_Imposter_Enum.uasset" 98
"../../../Engine/Content/ArtTools/RenderToTexture/Enums/RenderToTexture_Flipbook_Enum.uasset" 99
"../../../Engine/Content/Functions/Engine_MaterialFunctions01/Opacity/CameraDepthFade.uasset" 100
"../../../Engine/Content/EngineMaterials/T_Default_Material_Grid_M.uasset" 101
"../../../Engine/Content/EngineMaterials/T_Default_Material_Grid_N.uasset" 102
"../../../Engine/Content/EngineMaterials/WorldGridMaterial.uasset" 103
"../../../Engine/Content/ArtTools/RenderToTexture/Meshes/S_1_Unit_Plane.uasset" 104
"../../../Engine/Content/EditorBlueprintResources/StandardMacros.uasset" 105
"../../../Engine/Content/ArtTools/RenderToTexture/Enums/EIntTypes.uasset" 106
"../../../Engine/Content/ArtTools/RenderToTexture/Macros/RenderToTextureFunctionLibrary.uasset" 107
"../../../Engine/Content/ArtTools/RenderToTexture/Enums/EFloatTypes.uasset" 108
"../../../Engine/Content/ArtTools/RenderToTexture/Macros/RenderToTextureMacros.uasset" 109
"../../../Engine/Content/EngineResources/WhiteSquareTexture.uasset" 110
"../../../Engine/Content/EngineMaterials/Widget3DPassThrough.uasset" 111
"../../../Engine/Content/EngineMaterials/Widget3DPassThrough_Masked.uasset" 112
"../../../Engine/Content/EngineMaterials/WeightMapPlaceholderTexture.uasset" 113
"../../../Engine/Content/EngineMaterials/Widget3DPassThrough_Translucent.uasset" 114
"../../../Engine/Content/EngineMaterials/Widget3DPassThrough_Translucent_OneSided.uasset" 115
"../../../Engine/Content/EngineMaterials/PaperDiffuse.uasset" 116
"../../../Engine/Content/EngineMaterials/BlinkingCaret.uasset" 117
"../../../Engine/Content/EngineMaterials/EditorBrushMaterial.uasset" 118
"../../../Engine/Content/EngineMaterials/PaperNormal.uasset" 119
"../../../Engine/Content/Functions/Engine_MaterialFunctions02/WorldPositionOffset/CameraOffset.uasset" 120
"../../../Engine/Content/EngineMaterials/PhAT_JointLimitMaterial.uasset" 121
"../../../Engine/Content/EngineMaterials/DefaultNormal.uasset" 122
"../../../Engine/Content/Functions/Engine_MaterialFunctions02/Utility/BreakOutFloat2Components.uasset" 123
"../../../Engine/Content/EngineMaterials/HighResScreenshotCaptureRegion.uasset" 124
"../../../Engine/Content/EngineMaterials/LandscapeHolePhysicalMaterial.uasset" 125
"../../../Engine/Content/EngineMaterials/Widget3DPassThrough_Opaque.uasset" 126
"../../../Engine/Content/EngineMaterials/Widget3DPassThrough_Masked_OneSided.uasset" 127
"../../../Engine/Content/EngineMaterials/DefaultBloomKernel.uasset" 128
"../../../Engine/Content/EngineMaterials/HighResolutionScreenshotMaskFunction.uasset" 129
"../../../Engine/Content/EngineMaterials/HighResScreenshot.uasset" 130
"../../../Engine/Content/EngineMaterials/RemoveSurfaceMaterial.uasset" 131
"../../../Engine/Content/EngineMaterials/DefaultDiffuse.uasset" 132
"../../../Engine/Content/EngineMaterials/DefaultDeferredDecalMaterial.uasset" 133
"../../../Engine/Content/EngineMaterials/DefaultPostProcessMaterial.uasset" 134
"../../../Engine/Content/EngineMaterials/InvalidLightmapSettings.uasset" 135
"../../../Engine/Content/EngineMaterials/M_InvalidLightmapSettings.uasset" 136
"../../../Engine/Content/EngineMaterials/HighResScreenshotMask.uasset" 137
"../../../Engine/Content/EngineFonts/RobotoDistanceField.uasset" 138
"../../../Engine/Content/EngineMaterials/DefaultTextMaterialOpaque.uasset" 139
"../../../Engine/Content/EngineMaterials/PreintegratedSkinBRDF.uasset" 140
"../../../Engine/Content/EngineMaterials/Widget3DPassThrough_Opaque_OneSided.uasset" 141
"../../../Engine/Content/EngineMaterials/PhysMat_Rubber.uasset" 142
"../../../Engine/Content/EngineMaterials/DefaultBokeh.uasset" 143
"../../../Engine/Content/EngineMaterials/DefaultLightFunctionMaterial.uasset" 144
"../../../Engine/Content/EngineMaterials/Grid_N.uasset" 145
"../../../Engine/Content/EngineDebugMaterials/DebugEditorMaterial.uasset" 146
"../../../Engine/Content/EngineDebugMaterials/VertexColorMaterial.uasset" 147
"../../../Engine/Content/EngineDebugMaterials/GeomMaterial.uasset" 148
"../../../Engine/Content/EngineDebugMaterials/WireframeMaterial.uasset" 149
"../../../Engine/Content/EngineDebugMaterials/HeatmapGradient.uasset" 150
"../../../Engine/Content/EngineDebugMaterials/BoneWeightMaterial.uasset" 151
"../../../Engine/Content/EngineDebugMaterials/VertexColorViewMode_BlueOnly.uasset" 152
"../../../Engine/Content/EngineDebugMaterials/LevelColorationLitMaterial.uasset" 153
"../../../Engine/Content/EngineDebugMaterials/VertexColorViewMode_AlphaAsColor.uasset" 154
"../../../Engine/Content/EngineDebugMaterials/VertexColorViewMode_RedOnly.uasset" 155
"../../../Engine/Content/EngineDebugMaterials/ShadedLevelColorationUnlitMateri.uasset" 156
"../../../Engine/Content/EngineDebugMaterials/ClothMaterial.uasset" 157
"../../../Engine/Content/EngineDebugMaterials/ClothMaterial_WF.uasset" 158
"../../../Engine/Content/EngineDebugMaterials/VertexColorViewMode_GreenOnly.uasset" 159
"../../../Engine/Content/EngineMaterials/DefaultWhiteGrid.uasset" 160
"../../../Engine/Content/EngineDebugMaterials/MAT_LevelColorationLitLightmapUV.uasset" 161
"../../../Engine/Content/EngineDebugMaterials/DebugMeshMaterial.uasset" 162
"../../../Engine/Content/EngineDebugMaterials/VertexColorViewMode_ColorOnly.uasset" 163
"../../../Engine/Content/EngineDebugMaterials/M_SimpleTranslucent.uasset" 164
"../../../Engine/Content/EngineDebugMaterials/LevelColorationUnlitMaterial.uasset" 165
"../../../Engine/Content/EngineDebugMaterials/ShadedLevelColorationLitMaterial.uasset" 166
"../../../Engine/Content/EditorResources/S_Emitter.uasset" 167
"../../../Engine/Content/EditorResources/S_LevelSequence.uasset" 168
"../../../Engine/Content/EditorResources/S_Thruster.uasset" 169
"../../../Engine/Content/EditorResources/S_WindDirectional.uasset" 170
"../../../Engine/Content/EditorResources/S_KBSJoint.uasset" 171
"../../../Engine/Content/EditorResources/S_ReflActorIcon.uasset" 172
"../../../Engine/Content/EditorResources/Bad.uasset" 173
"../../../Engine/Content/EditorResources/S_DecalActorIcon.uasset" 174
"../../../Engine/Content/EditorResources/SmallFont.uasset" 175
"../../../Engine/Content/EditorResources/S_Player.uasset" 176
"../../../Engine/Content/EditorResources/S_KPrismatic.uasset" 177
"../../../Engine/Content/EditorResources/S_Note.uasset" 178
"../../../Engine/Content/EditorResources/S_VectorFieldVol.uasset" 179
"../../../Engine/Content/EditorResources/S_NavP.uasset" 180
"../../../Engine/Content/EditorResources/S_KHinge.uasset" 181
"../../../Engine/Content/EditorResources/S_ExpoHeightFog.uasset" 182
"../../../Engine/Content/EditorResources/S_FTest.uasset" 183
"../../../Engine/Content/EditorResources/S_PortalActorIcon2.uasset" 184
"../../../Engine/Content/EditorResources/SceneManager.uasset" 185
"../../../Engine/Content/EditorResources/S_TextRenderActorIcon.uasset" 186
"../../../Engine/Content/EditorResources/S_RadForce.uasset" 187
"../../../Engine/Content/EditorResources/S_Terrain.uasset" 188
"../../../Engine/Content/EditorResources/S_Trigger.uasset" 189
"../../../Engine/Content/EditorResources/S_Actor.uasset" 190
"../../../Engine/Content/EditorResources/EmptyActor.uasset" 191
"../../../Engine/Content/EditorResources/BSPVertex.uasset" 192
"../../../Engine/Content/EditorResources/MatInstActSprite.uasset" 193
"../../../Engine/Content/EditorResources/SequenceRecorder/Countdown.uasset" 194
"../../../Engine/Content/EditorResources/SequenceRecorder/RecordingIndicator.uasset" 195
"../../../Engine/Content/EditorResources/AI/S_NavLink.uasset" 196
"../../../Engine/Content/EditorResources/Spline/T_Loft_Spline.uasset" 197
"../../../Engine/Content/EditorResources/LightIcons/S_LightError.uasset" 198
"../../../Engine/Content/EditorResources/LightIcons/S_LightSpot.uasset" 199
"../../../Engine/Content/EditorResources/LightIcons/S_LightSpotMove.uasset" 200
"../../../Engine/Content/EditorResources/LightIcons/SkyLight.uasset" 201
"../../../Engine/Content/EditorResources/LightIcons/S_LightPoint.uasset" 202
"../../../Engine/Content/EditorResources/LightIcons/S_LightPointMove.uasset" 203
"../../../Engine/Content/EditorResources/LightIcons/S_LightDirectional.uasset" 204
"../../../Engine/Content/EditorResources/LightIcons/S_LightDirectionalMove.uasset" 205
"../../../Engine/Content/Functions/Engine_MaterialFunctions01/Texturing/ScaleUVsByCenter.uasset" 206
"../../../Engine/Content/Functions/Engine_MaterialFunctions02/ScreenResolution.uasset" 207
"../../../Engine/Content/Functions/Engine_MaterialFunctions02/Texturing/ScreenAlignedUVs.uasset" 208
"../../../Engine/Content/Functions/Engine_MaterialFunctions02/Utility/MakeFloat2.uasset" 209
"../../../Engine/Content/Functions/Engine_MaterialFunctions02/Utility/MakeFloat3.uasset" 210
"../../../Engine/Content/EngineMaterials/MiniFont.uasset" 211
"../../../Engine/Content/BufferVisualization/CustomStencil.uasset" 212
"../../../Engine/Content/BufferVisualization/LightingModel.uasset" 213
"../../../Engine/Content/BufferVisualization/SubsurfaceColor.uasset" 214
"../../../Engine/Content/BufferVisualization/WorldNormal.uasset" 215
"../../../Engine/Content/Functions/Engine_MaterialFunctions02/Utility/VectorLength.uasset" 216
"../../../Engine/Content/BufferVisualization/SceneDepthWorldUnits.uasset" 217
"../../../Engine/Content/BufferVisualization/Opacity.uasset" 218
"../../../Engine/Content/BufferVisualization/SeparateTranslucencyRGB.uasset" 219
"../../../Engine/Content/BufferVisualization/BaseColor.uasset" 220
"../../../Engine/Content/BufferVisualization/Metallic.uasset" 221
"../../../Engine/Content/BufferVisualization/MaterialAO.uasset" 222
"../../../Engine/Content/BufferVisualization/SeparateTranslucencyA.uasset" 223
"../../../Engine/Content/BufferVisualization/SceneDepth.uasset" 224
"../../../Engine/Content/BufferVisualization/Specular.uasset" 225
"../../../Engine/Content/BufferVisualization/PostTonemapHDRColor.uasset" 226
"../../../Engine/Content/BufferVisualization/SceneColor.uasset" 227
"../../../Engine/Content/BufferVisualization/PreTonemapHDRColor.uasset" 228
"../../../Engine/Content/BufferVisualization/FinalImage.uasset" 229
"../../../Engine/Content/EngineMaterials/DefaultPhysicalMaterial.uasset" 230
"../../../Engine/Content/BufferVisualization/AmbientOcclusion.uasset" 231
"../../../Engine/Content/BufferVisualization/CustomDepth.uasset" 232
"../../../Engine/Content/BufferVisualization/Roughness.uasset" 233
"../../../Engine/Content/BufferVisualization/CustomDepthWorldUnits.uasset" 234
"../../../Engine/Content/Functions/Engine_MaterialFunctions01/Shading/PowerToRoughness.uasset" 235
"../../../Engine/Content/EditorMaterials/Tick.uasset" 236
"../../../Engine/Content/EditorMaterials/Tick_Mat.uasset" 237
"../../../Engine/Content/EditorMaterials/AntialiasedGridFloor.uasset" 238
"../../../Engine/Content/EditorResources/TilePatine_D.uasset" 239
"../../../Engine/Content/EditorResources/TilePatine_N.uasset" 240
"../../../Engine/Content/EngineMaterials/Grid.uasset" 241
"../../../Engine/Content/EditorMaterials/PersonaFloorMat.uasset" 242
"../../../Engine/Content/EditorMaterials/WidgetMaterial_X.uasset" 243
"../../../Engine/Content/EditorMaterials/WidgetMaterial_Z.uasset" 244
"../../../Engine/Content/EditorMaterials/PreviewShadowIndicator.uasset" 245
"../../../Engine/Content/EditorMaterials/PreviewShadowIndicatorMaterial.uasset" 246
"../../../Engine/Content/EditorMaterials/GizmoMaterial.uasset" 247
"../../../Engine/Content/EditorMaterials/WidgetMaterial.uasset" 248
"../../../Engine/Content/EditorMaterials/PhAT_NoCollisionMaterial.uasset" 249
"../../../Engine/Content/EditorMaterials/PhAT_BoneSelectedMaterial.uasset" 250
"../../../Engine/Content/EditorMaterials/Cross.uasset" 251
"../../../Engine/Content/EditorMaterials/Cross_Mat.uasset" 252
"../../../Engine/Content/Functions/Engine_MaterialFunctions02/Utility/Sign.uasset" 253
"../../../Engine/Content/Functions/Engine_MaterialFunctions02/Utility/Round.uasset" 254
"../../../Engine/Content/Functions/Engine_MaterialFunctions02/ExampleContent/Textures/flipbook.uasset" 255
"../../../Engine/Content/Functions/Engine_MaterialFunctions02/Texturing/FlipBook.uasset" 256
"../../../Engine/Content/EditorResources/T_EditorHelp.uasset" 257
"../../../Engine/Content/EditorMaterials/HelpActorMaterial.uasset" 258
"../../../Engine/Content/EditorMaterials/WidgetMaterial_Y.uasset" 259
"../../../Engine/Content/EditorMaterials/TargetIcon.uasset" 260
"../../../Engine/Content/EditorMaterials/WidgetVertexColorMaterial.uasset" 261
"../../../Engine/Content/EditorMaterials/WidgetMaterial_Current.uasset" 262
"../../../Engine/Content/EditorMaterials/CompositeARGBLayer.uasset" 263
"../../../Engine/Content/EditorMaterials/TilingAALineIntegral.uasset" 264
"../../../Engine/Content/EditorMaterials/TilingAALineBoxFiltered.uasset" 265
"../../../Engine/Content/Functions/Engine_MaterialFunctions03/Procedurals/ComputeFilterWidth.uasset" 266
"../../../Engine/Content/EditorMaterials/TilingAADots.uasset" 267
"../../../Engine/Content/EditorMaterials/Cascade/CASC_Cross.uasset" 268
"../../../Engine/Content/EditorMaterials/Cascade/CASC_None.uasset" 269
"../../../Engine/Content/Functions/Engine_MaterialFunctions03/Blends/Blend_Screen.uasset" 270
"../../../Engine/Content/EditorMaterials/TilingAAGrid.uasset" 271
"../../../Engine/Content/EditorMaterials/LevelGridMaterial.uasset" 272
"../../../Engine/Content/EditorMaterials/MAT_Groups_Toggle.uasset" 273
"../../../Engine/Content/EditorMaterials/PhAT_ElemSelectedMaterial.uasset" 274
"../../../Engine/Content/EditorMaterials/WidgetGridVertexColorMaterial.uasset" 275
"../../../Engine/Content/EditorMaterials/WidgetGridVertexColorMaterial_Ma.uasset" 276
"../../../Engine/Content/EditorMaterials/PhAT_UnselectedMaterial.uasset" 277
"../../../Engine/Content/EditorMaterials/MAT_Groups_Visibility.uasset" 278
"../../../Engine/Content/EditorMaterials/MakeCompositeARGBLayer.uasset" 279
"../../../Engine/Content/EditorResources/LevelGrid1DStripes.uasset" 280
"../../../Engine/Content/EditorMaterials/TextureGridCascaded1D.uasset" 281
"../../../Engine/Content/EditorMaterials/TextureGridCascaded2D.uasset" 282
"../../../Engine/Content/EditorMaterials/LevelGridMaterial2.uasset" 283
"../../../Engine/Content/MapTemplates/Sky/SunsetAmbientCubemap.uasset" 284
"../../../Engine/Content/EditorMaterials/AssetViewer/M_SkyBox.uasset" 285
"../../../Engine/Content/EditorMaterials/ParticleSystems/PSysThumbnail_NoImage.uasset" 286
"../../../Engine/Content/EditorMaterials/ParticleSystems/PSysThumbnail_OOD.uasset" 287
"../../../Engine/Content/EditorMaterials/MatineeGroups/MAT_Groups_Vector.uasset" 288
"../../../Engine/Content/EditorMaterials/MatineeGroups/MAT_ColorTrack.uasset" 289
"../../../Engine/Content/EditorMaterials/MatineeGroups/MAT_Groups_AudioMaster.uasset" 290
"../../../Engine/Content/EditorMaterials/MatineeGroups/MAT_Groups_Sound.uasset" 291
"../../../Engine/Content/EditorMaterials/MatineeGroups/MAT_Groups_Float.uasset" 292
"../../../Engine/Content/EditorMaterials/MatineeGroups/MAT_Groups_Director.uasset" 293
"../../../Engine/Content/EditorMaterials/MatineeGroups/MAT_Groups_Move.uasset" 294
"../../../Engine/Content/EditorMaterials/MatineeGroups/MAT_Groups_Event.uasset" 295
"../../../Engine/Content/EditorMaterials/MatineeGroups/MAT_Groups_Fade.uasset" 296
"../../../Engine/Content/EditorMaterials/MatineeGroups/MAT_Groups_Anim.uasset" 297
"../../../Engine/Content/EditorMaterials/MatineeGroups/MAT_Groups_Slomo.uasset" 298
"../../../Engine/Content/EditorMaterials/Thumbnails/FloorPlaneMaterial.uasset" 299
"../../../Engine/Content/EngineSounds/Master.uasset" 300
"../../../Engine/Content/EngineMaterials/DefaultMaterial.uasset" 301
"../../../Engine/Content/EngineMeshes/Cube.uasset" 302
"../../../Engine/Content/EngineMeshes/Cylinder.uasset" 303
"../../../Engine/Content/EngineMeshes/Sphere.uasset" 304
"../../../Engine/Content/VREditor/Devices/Vive/UE4_Logo.uasset" 305
"../../../Engine/Content/VREditor/UI/M_ContentWindow.uasset" 306
"../../../Engine/Content/VREditor/UI/SM_ContentWindow_01.uasset" 307
"../../../Engine/Content/VREditor/UI/ArrowMaterial.uasset" 308
"../../../Engine/Content/VREditor/UI/SM_Radial_Pointer.uasset" 309
"../../../Engine/Content/VREditor/UI/KeyDiskMaterial.uasset" 310
"../../../Engine/Content/VREditor/UI/DiscMaterial.uasset" 311
"../../../Engine/Content/VREditor/UI/SM_Radial_Disk.uasset" 312
"../../../Engine/Content/VREditor/FloatingText/LineMaterial.uasset" 313
"../../../Engine/Content/VREditor/FloatingText/JointSphere.uasset" 314
"../../../Engine/Content/VREditor/FloatingText/LineSegmentCylinder.uasset" 315
"../../../Engine/Content/VREditor/LaserPointer/VR_LaserPower_01.uasset" 316
"../../../Engine/Content/VREditor/TransformGizmo/TransformGizmoMaterial.uasset" 317
"../../../Engine/Content/VREditor/TransformGizmo/TranslucentTransformGizmoMaterial.uasset" 318
"../../../Engine/Content/VREditor/TransformGizmo/PlaneTranslationHandle.uasset" 319
"../../../Engine/Content/VREditor/TransformGizmo/Main.uasset" 320
"../../../Engine/Content/VREditor/TransformGizmo/Xray.uasset" 321
"../../../Engine/Content/VREditor/TransformGizmo/SM_Sequencer_Key.uasset" 322
"../../../Engine/Content/VREditor/TransformGizmo/BoundingBoxCorner.uasset" 323
"../../../Engine/Content/VREditor/TransformGizmo/SM_Dialog_Move.uasset" 324
"../../../Engine/Content/VREditor/TransformGizmo/SM_Dialog_Close.uasset" 325
"../../../Engine/Content/VREditor/TransformGizmo/TranslucentTransformGizmoMaterial_Inst.uasset" 326
"../../../Engine/Content/VREditor/TransformGizmo/TransformGizmoMaterial_Inst.uasset" 327
"../../../Engine/Content/VREditor/TransformGizmo/SM_Sequencer_Node.uasset" 328
"../../../Engine/Content/VREditor/TransformGizmo/BoundingBoxEdge.uasset" 329
"../../../Engine/Content/Functions/Engine_MaterialFunctions01/Density/ExponentialDensity.uasset" 330
"../../../Engine/Content/VREditor/WorldMovementGrid/GridPostProcess.uasset" 331
"../../../Engine/Content/Functions/Engine_MaterialFunctions01/Gradient/RadialGradient.uasset" 332
"../../../Engine/Content/VREditor/WorldMovementGrid/SimpleGrid.uasset" 333
"../../../Engine/Content/VREditor/WorldMovementGrid/GridMaterial.uasset" 334
"../../../Engine/Content/EditorLandscapeResources/FlattenHeightMat.uasset" 335
"../../../Engine/Content/VREditor/WorldMovementGrid/PlaneMesh.uasset" 336
"../../../Engine/Content/VREditor/Teleport/TeleportDirectionMaterial.uasset" 337
"../../../Engine/Content/VREditor/Teleport/TeleportDirectionMaterial_Inst.uasset" 338
"../../../Engine/Content/VREditor/Teleport/TeleportDirectionMesh.uasset" 339
"../../../Engine/Content/VREditor/Sounds/VR_teleport.uasset" 340
"../../../Engine/Content/VREditor/Sounds/UI/Teleport_Mode_Entered.uasset" 341
"../../../Engine/Content/VREditor/Sounds/UI/Dockable_Window_Open.uasset" 342
"../../../Engine/Content/VREditor/Sounds/UI/Drop_Item_From_ContentBrowser.uasset" 343
"../../../Engine/Content/VREditor/Sounds/UI/Radial_Menu_FadeOut.uasset" 344
"../../../Engine/Content/VREditor/Sounds/UI/Dockable_Window_Close.uasset" 345
"../../../Engine/Content/VREditor/Sounds/UI/Floating_UI_Open-001.uasset" 346
"../../../Engine/Content/VREditor/Sounds/UI/Click_on_Button_Cue.uasset" 347
"../../../Engine/Content/VREditor/Sounds/UI/Dockable_Window_Drop.uasset" 348
"../../../Engine/Content/VREditor/Sounds/UI/Click_on_Button.uasset" 349
"../../../Engine/Content/VREditor/Sounds/UI/Dockable_Window_Pick_Up.uasset" 350
"../../../Engine/Content/VREditor/LaserPointer/LaserPointerMaterial.uasset" 351
"../../../Engine/Content/VREditor/LaserPointer/LaserPointerMaterialInst.uasset" 352
"../../../Engine/Content/VREditor/LaserPointer/TranslucentLaserPointerMaterialInst.uasset" 353
"../../../Engine/Content/VREditor/LaserPointer/LaserPointerMesh_Start.uasset" 354
"../../../Engine/Content/VREditor/LaserPointer/LaserPointerMesh.uasset" 355
"../../../Engine/Content/VREditor/LaserPointer/CursorPointer.uasset" 356
"../../../Engine/Content/VREditor/LaserPointer/LaserPointerMesh_End.uasset" 357
"../../../Engine/Content/VREditor/LaserPointer/HoverMaterial.uasset" 358
"../../../Engine/Content/VREditor/LaserPointer/TranslucentHoverMaterial.uasset" 359
"../../../Engine/Content/VREditor/LaserPointer/HoverMesh.uasset" 360
"../../../Engine/Content/VREditor/Fonts/VRText_RobotoLarge.uasset" 361
"../../../Engine/Content/VREditor/Fonts/VRTextMaterial.uasset" 362
"../../../Engine/Content/VREditor/Fonts/TranslucentVRTextMaterial.uasset" 363
"../../../Engine/Content/Functions/Engine_MaterialFunctions02/Utility/BreakOutFloat3Components.uasset" 364
"../../../Engine/Content/VREditor/Devices/Vive/VivePreController_MasksB.uasset" 365
"../../../Engine/Content/VREditor/Devices/Oculus/OculusControllerMaterial.uasset" 366
"../../../Engine/Content/VREditor/Devices/Oculus/OculusControllerMaterial_Inst.uasset" 367
"../../../Engine/Content/VREditor/Devices/Oculus/OculusControllerMesh.uasset" 368
"../../../Engine/Content/VREditor/Devices/Vive/T_VivePreController_EM.uasset" 369
"../../../Engine/Content/VREditor/Devices/Vive/VivePreController_MasksA.uasset" 370
"../../../Engine/Content/VREditor/Devices/Vive/VivePreControllerDiffuse.uasset" 371
"../../../Engine/Content/VREditor/Devices/Vive/VivePreControllerSpec.uasset" 372
"../../../Engine/Content/VREditor/Devices/Vive/VivePreControllerMaterial.uasset" 373
"../../../Engine/Content/VREditor/Devices/Vive/VivePreControllerMaterial_Inst.uasset" 374
"../../../Engine/Content/VREditor/Devices/Vive/VivePreControllerMesh.uasset" 375
"../../../Engine/Content/VREditor/Devices/Generic/GenericHMDMaterial.uasset" 376
"../../../Engine/Content/VREditor/Devices/Generic/GenericHMD.uasset" 377
"../../../Engine/Content/MapTemplates/Sky/DaylightAmbientCubemap.uasset" 378
"../../../../../../sofia/Documents/Unreal Projects/NCLCabinAR/Content/MobileStarterContent/Textures/T_Concrete_Tiles_D.uasset" 379
"../../../../../../sofia/Documents/Unreal Projects/NCLCabinAR/Content/MobileStarterContent/Textures/T_Concrete_Tiles_M.uasset" 380
"../../../../../../sofia/Documents/Unreal Projects/NCLCabinAR/Content/MobileStarterContent/Textures/T_Concrete_Tiles_N.uasset" 381
"../../../../../../sofia/Documents/Unreal Projects/NCLCabinAR/Content/MobileStarterContent/Materials/M_Concrete_Tiles.uasset" 382
"../../../Engine/Content/EngineResources/Black.uasset" 383
"../../Plugins/Runtime/GoogleARCore/Content/GoogleARCorePassthroughCameraMaterial.uasset" 384
"../../../Engine/Content/Functions/Engine_MaterialFunctions02/Utility/MakeFloat4.uasset" 385
"../../Plugins/Runtime/AppleARKit/Content/ARKitCameraMaterial.uasset" 386
"../../Plugins/2D/Paper2D/Content/DefaultSpriteMaterial.uasset" 387
"../../Plugins/2D/Paper2D/Content/OpaqueUnlitSpriteMaterial.uasset" 388
"../../Plugins/2D/Paper2D/Content/PlaceholderTextures/DummySpriteTexture.uasset" 389
"../../Plugins/2D/Paper2D/Content/DummySprite.uasset" 390
"../../Plugins/2D/Paper2D/Content/DefaultPaperTerrainMaterial.uasset" 391
"../../Plugins/2D/Paper2D/Content/MaskedUnlitSpriteMaterial.uasset" 392
"../../Plugins/Media/MediaCompositing/Content/DefaultMediaPlaneTexture.uasset" 393
"../../Plugins/Media/MediaCompositing/Content/DefaultMediaPlaneMaterial.uasset" 394
"../../../Engine/Content/Maps/Entry.umap" 395
"../../../../../../sofia/Documents/Unreal Projects/NCLCabinAR/Content/AdvancedFunctionsAR/ARObjectParent.uasset" 396
"../../../Engine/Content/Functions/Engine_MaterialFunctions01/Gradient/LinearGradient.uasset" 397
"../../../Engine/Content/Functions/Engine_MaterialFunctions01/ImageAdjustment/CheapContrast.uasset" 398
"../../../Engine/Content/Functions/Engine_MaterialFunctions01/Texturing/FlattenNormal.uasset" 399
"../../../../../../sofia/Documents/Unreal Projects/NCLCabinAR/Content/AIUE_V01_004/Textures/AIUE_V01_004_walls_bump_001.uasset" 400
"../../../../../../sofia/Documents/Unreal Projects/NCLCabinAR/Content/AIUE_V01_004/Textures/AIUE_V01_004_walls_color_001.uasset" 401
"../../../../../../sofia/Documents/Unreal Projects/NCLCabinAR/Content/AIUE_V01_004/materials/AIUE_V01_004_walls_MAT.uasset" 402
"../../../../../../sofia/Documents/Unreal Projects/NCLCabinAR/Content/ArchVis/Textures/T_CubeMap_Cube.uasset" 403
"../../../../../../sofia/Documents/Unreal Projects/NCLCabinAR/Content/ArchVis/Materials/M_Glas_MAt.uasset" 404
"../../../../../../sofia/Documents/Unreal Projects/NCLCabinAR/Content/HandheldARBP/Blueprints/Placeable/T_ContactShadow.uasset" 405
"../../../../../../sofia/Documents/Unreal Projects/NCLCabinAR/Content/HandheldARBP/Blueprints/Placeable/M_ContactShadow.uasset" 406
"../../../../../../sofia/Documents/Unreal Projects/NCLCabinAR/Content/NCL_FOV/Materials/AIUE_V01_002_bedroom_ceramic_MAT.uasset" 407
"../../../../../../sofia/Documents/Unreal Projects/NCLCabinAR/Content/NCL_FOV/Textures/Apple_Texture.uasset" 408
"../../../../../../sofia/Documents/Unreal Projects/NCLCabinAR/Content/NCL_FOV/Materials/Apple_Texture_Mat.uasset" 409
"../../../../../../sofia/Documents/Unreal Projects/NCLCabinAR/Content/NCL_FOV/Materials/Apples.uasset" 410
"../../../../../../sofia/Documents/Unreal Projects/NCLCabinAR/Content/NCL_FOV/Textures/ArtBed.uasset" 411
"../../../../../../sofia/Documents/Unreal Projects/NCLCabinAR/Content/NCL_FOV/Materials/Art_Bed_Mat.uasset" 412
"../../../../../../sofia/Documents/Unreal Projects/NCLCabinAR/Content/NCL_FOV/Textures/ArtSOfa.uasset" 413
"../../../../../../sofia/Documents/Unreal Projects/NCLCabinAR/Content/NCL_FOV/Materials/ArtSOfa_Mat.uasset" 414
"../../../Engine/Content/Functions/Engine_MaterialFunctions01/ImageAdjustment/SCurve.uasset" 415
"../../../../../../sofia/Documents/Unreal Projects/NCLCabinAR/Content/NCL_FOV/Textures/Bedthrow.uasset" 416
"../../../../../../sofia/Documents/Unreal Projects/NCLCabinAR/Content/NCL_FOV/Materials/Bedthrow_Mat.uasset" 417
"../../../../../../sofia/Documents/Unreal Projects/NCLCabinAR/Content/NCL_FOV/Materials/BlackPlastic_Mat.uasset" 418
"../../../../../../sofia/Documents/Unreal Projects/NCLCabinAR/Content/NCL_FOV/Materials/BlackShiney.uasset" 419
"../../../../../../sofia/Documents/Unreal Projects/NCLCabinAR/Content/NCL_FOV/Materials/BluePlastic_Mat2.uasset" 420
"../../../../../../sofia/Documents/Unreal Projects/NCLCabinAR/Content/NCL_FOV/Materials/Ceiling_Mat.uasset" 421
"../../../../../../sofia/Documents/Unreal Projects/NCLCabinAR/Content/NCL_FOV/Textures/ceramic_tiles_blanched_almond_Base_Color.uasset" 422
"../../../../../../sofia/Documents/Unreal Projects/NCLCabinAR/Content/NCL_FOV/Textures/ceramic_tiles_blanched_almond_Normal.uasset" 423
"../../../../../../sofia/Documents/Unreal Projects/NCLCabinAR/Content/NCL_FOV/Materials/ceramic_tiles_blanched_almond_Base_Color_Mat.uasset" 424
"../../../../../../sofia/Documents/Unreal Projects/NCLCabinAR/Content/NCL_FOV/Materials/Chrome_MAt.uasset" 425
"../../../../../../sofia/Documents/Unreal Projects/NCLCabinAR/Content/NCL_FOV/Materials/ChromeDArk_MAT.uasset" 426
"../../../../../../sofia/Documents/Unreal Projects/NCLCabinAR/Content/NCL_FOV/Materials/EmmisiveLight_Bathroom.uasset" 427
"../../../../../../sofia/Documents/Unreal Projects/NCLCabinAR/Content/NCL_FOV/Materials/EmmisiveLight_Headboard.uasset" 428
"../../../../../../sofia/Documents/Unreal Projects/NCLCabinAR/Content/NCL_FOV/Materials/EmmisiveLight_TopStrip.uasset" 429
"../../../../../../sofia/Documents/Unreal Projects/NCLCabinAR/Content/NCL_FOV/Textures/T_Living.uasset" 430
"../../../../../../sofia/Documents/Unreal Projects/NCLCabinAR/Content/NCL_FOV/Materials/Living_Mirror_Mat.uasset" 431
"../../../../../../sofia/Documents/Unreal Projects/NCLCabinAR/Content/NCL_FOV/Materials/M_Basic_Wall.uasset" 432
"../../../../../../sofia/Documents/Unreal Projects/NCLCabinAR/Content/NCL_FOV/Materials/M_Door.uasset" 433
"../../../../../../sofia/Documents/Unreal Projects/NCLCabinAR/Content/NCL_FOV/Materials/Plasitc_Baseboard_MAT.uasset" 434
"../../../../../../sofia/Documents/Unreal Projects/NCLCabinAR/Content/NCL_FOV/Materials/Plasitc_Celing_MAT1.uasset" 435
"../../../../../../sofia/Documents/Unreal Projects/NCLCabinAR/Content/NCL_FOV/Materials/RedPlastic_Mat1.uasset" 436
"../../../../../../sofia/Documents/Unreal Projects/NCLCabinAR/Content/NCL_FOV/Textures/sbklx0p_512_Albedo.uasset" 437
"../../../../../../sofia/Documents/Unreal Projects/NCLCabinAR/Content/NCL_FOV/Textures/sbklx0p_512_Normal.uasset" 438
"../../../../../../sofia/Documents/Unreal Projects/NCLCabinAR/Content/NCL_FOV/Textures/sbklx0p_512_Roughness.uasset" 439
"../../../../../../sofia/Documents/Unreal Projects/NCLCabinAR/Content/NCL_FOV/Materials/sbklx0p_512_Albedo_Mat.uasset" 440
"../../../../../../sofia/Documents/Unreal Projects/NCLCabinAR/Content/NCL_FOV/Textures/sbklx0p_512_Specular.uasset" 441
"../../../../../../sofia/Documents/Unreal Projects/NCLCabinAR/Content/NCL_FOV/Materials/sbklx0p_512_Albedo_Mat1.uasset" 442
"../../../../../../sofia/Documents/Unreal Projects/NCLCabinAR/Content/NCL_FOV/Materials/Silk_Mat.uasset" 443
"../../../../../../sofia/Documents/Unreal Projects/NCLCabinAR/Content/NCL_FOV/Materials/Silver_Mat.uasset" 444
"../../../../../../sofia/Documents/Unreal Projects/NCLCabinAR/Content/NCL_FOV/Textures/T_SofaFabric.uasset" 445
"../../../../../../sofia/Documents/Unreal Projects/NCLCabinAR/Content/NCL_FOV/Textures/T_SofaFrabic_Normal.uasset" 446
"../../../../../../sofia/Documents/Unreal Projects/NCLCabinAR/Content/NCL_FOV/Materials/Sofa_fabric_copy_Mat.uasset" 447
"../../../../../../sofia/Documents/Unreal Projects/NCLCabinAR/Content/NCL_FOV/Textures/T_BalconyFloor.uasset" 448
"../../../../../../sofia/Documents/Unreal Projects/NCLCabinAR/Content/NCL_FOV/Materials/T_BalconyFloor_Mat.uasset" 449
"../../../../../../sofia/Documents/Unreal Projects/NCLCabinAR/Content/NCL_FOV/Textures/T_BathroomTile_Floor_Base_Color.uasset" 450
"../../../../../../sofia/Documents/Unreal Projects/NCLCabinAR/Content/NCL_FOV/Materials/T_BathroomTile_Floor_Base_Color_Mat.uasset" 451
"../../../../../../sofia/Documents/Unreal Projects/NCLCabinAR/Content/NCL_FOV/Textures/T_BolsterPillow.uasset" 452
"../../../../../../sofia/Documents/Unreal Projects/NCLCabinAR/Content/NCL_FOV/Textures/T_SmallPillowsNormal_01.uasset" 453
"../../../../../../sofia/Documents/Unreal Projects/NCLCabinAR/Content/NCL_FOV/Materials/T_BolsterPillow_Mat.uasset" 454
"../../../../../../sofia/Documents/Unreal Projects/NCLCabinAR/Content/NCL_FOV/Textures/T_BosterPillow.uasset" 455
"../../../../../../sofia/Documents/Unreal Projects/NCLCabinAR/Content/NCL_FOV/Materials/T_BosterPillow_Mat.uasset" 456
"../../../../../../sofia/Documents/Unreal Projects/NCLCabinAR/Content/NCL_FOV/Textures/T_Leather02.uasset" 457
"../../../../../../sofia/Documents/Unreal Projects/NCLCabinAR/Content/NCL_FOV/Textures/T_Leather_Normal.uasset" 458
"../../../../../../sofia/Documents/Unreal Projects/NCLCabinAR/Content/NCL_FOV/Materials/T_Leather01_Mat.uasset" 459
"../../../../../../sofia/Documents/Unreal Projects/NCLCabinAR/Content/NCL_FOV/Materials/T_Leather01_OT_Mat.uasset" 460
"../../../../../../sofia/Documents/Unreal Projects/NCLCabinAR/Content/NCL_FOV/Textures/T_Leather03.uasset" 461
"../../../../../../sofia/Documents/Unreal Projects/NCLCabinAR/Content/NCL_FOV/Materials/T_Leather03_Mat.uasset" 462
"../../../../../../sofia/Documents/Unreal Projects/NCLCabinAR/Content/NCL_FOV/Textures/T_SmallPillows_01.uasset" 463
"../../../../../../sofia/Documents/Unreal Projects/NCLCabinAR/Content/NCL_FOV/Materials/T_SmallPillows_01_Mat.uasset" 464
"../../../../../../sofia/Documents/Unreal Projects/NCLCabinAR/Content/NCL_FOV/Textures/T_SmallPillows_02.uasset" 465
"../../../../../../sofia/Documents/Unreal Projects/NCLCabinAR/Content/NCL_FOV/Materials/T_SmallPillows_02_Mat.uasset" 466
"../../../../../../sofia/Documents/Unreal Projects/NCLCabinAR/Content/NCL_FOV/Textures/T_SmallPillows_03.uasset" 467
"../../../../../../sofia/Documents/Unreal Projects/NCLCabinAR/Content/NCL_FOV/Materials/T_SmallPillows_03_Mat.uasset" 468
"../../../../../../sofia/Documents/Unreal Projects/NCLCabinAR/Content/NCL_FOV/Textures/T_Towel.uasset" 469
"../../../../../../sofia/Documents/Unreal Projects/NCLCabinAR/Content/NCL_FOV/Textures/T_Towel_Normal.uasset" 470
"../../../../../../sofia/Documents/Unreal Projects/NCLCabinAR/Content/NCL_FOV/Materials/T_Towel_Mat.uasset" 471
"../../../../../../sofia/Documents/Unreal Projects/NCLCabinAR/Content/NCL_FOV/Textures/T_Wood.uasset" 472
"../../../../../../sofia/Documents/Unreal Projects/NCLCabinAR/Content/NCL_FOV/Materials/T_Wood1_Mat.uasset" 473
"../../../Engine/Content/Functions/Engine_MaterialFunctions02/Texturing/CustomRotator.uasset" 474
"../../../../../../sofia/Documents/Unreal Projects/NCLCabinAR/Content/NCL_FOV/Materials/T_Wood_BedBase.uasset" 475
"../../../../../../sofia/Documents/Unreal Projects/NCLCabinAR/Content/NCL_FOV/Materials/T_Wood_Closet.uasset" 476
"../../../../../../sofia/Documents/Unreal Projects/NCLCabinAR/Content/NCL_FOV/Materials/WhitePlastic_Mat.uasset" 477
"../../../../../../sofia/Documents/Unreal Projects/NCLCabinAR/Content/NCL_FOV/Substance_Textures/Base_Plastic__INST_basecolor.uasset" 478
"../../../../../../sofia/Documents/Unreal Projects/NCLCabinAR/Content/NCL_FOV/Substance_Textures/Base_Plastic__INST_metallic.uasset" 479
"../../../../../../sofia/Documents/Unreal Projects/NCLCabinAR/Content/NCL_FOV/Substance_Textures/Base_Plastic__INST_normal.uasset" 480
"../../../../../../sofia/Documents/Unreal Projects/NCLCabinAR/Content/NCL_FOV/Substance_Textures/Base_Plastic__INST_roughness.uasset" 481
"../../../../../../sofia/Documents/Unreal Projects/NCLCabinAR/Content/NCL_FOV/Substance_Materials/Base_Plastic__MAT.uasset" 482
"../../../../../../sofia/Documents/Unreal Projects/NCLCabinAR/Content/NCL_FOV/Substance_Materials/Base_Plastic__INST.uasset" 483
"../../../../../../sofia/Documents/Unreal Projects/NCLCabinAR/Content/NCL_FOV/Substance_Materials/Base_Plastic__INST1.uasset" 484
"../../../../../../sofia/Documents/Unreal Projects/NCLCabinAR/Content/NCL_FOV/Substance_Materials/Base_Plastic__INST4.uasset" 485
"../../../../../../sofia/Documents/Unreal Projects/NCLCabinAR/Content/NCL_FOV/Substance_Textures/Base_Plastic__INST4_basecolor.uasset" 486
"../../../../../../sofia/Documents/Unreal Projects/NCLCabinAR/Content/NCL_FOV/Substance_Textures/Base_Plastic__INST4_metallic.uasset" 487
"../../../../../../sofia/Documents/Unreal Projects/NCLCabinAR/Content/NCL_FOV/Substance_Textures/Base_Plastic__INST4_normal.uasset" 488
"../../../../../../sofia/Documents/Unreal Projects/NCLCabinAR/Content/NCL_FOV/Substance_Textures/Base_Plastic__INST4_roughness.uasset" 489
"../../../../../../sofia/Documents/Unreal Projects/NCLCabinAR/Content/NCL_FOV/Substance_Materials/Base_Plastic__MAT_1.uasset" 490
"../../../../../../sofia/Documents/Unreal Projects/NCLCabinAR/Content/NCL_FOV/Substance_Materials/Base_Plastic__INST2.uasset" 491
"../../../../../../sofia/Documents/Unreal Projects/NCLCabinAR/Content/NCL_FOV/Substance_Textures/plastic_base.uasset" 492
"../../../../../../sofia/Documents/Unreal Projects/NCLCabinAR/Content/NCL_FOV/Substance_Materials/Base_Plastic__INST3.uasset" 493
"../../../../../../sofia/Documents/Unreal Projects/NCLCabinAR/Content/NCL_FOV/Substance_Textures/Base_Plastic__INST3_basecolor.uasset" 494
"../../../../../../sofia/Documents/Unreal Projects/NCLCabinAR/Content/NCL_FOV/Substance_Textures/Base_Plastic__INST3_metallic.uasset" 495
"../../../../../../sofia/Documents/Unreal Projects/NCLCabinAR/Content/NCL_FOV/Substance_Textures/Base_Plastic__INST3_normal.uasset" 496
"../../../../../../sofia/Documents/Unreal Projects/NCLCabinAR/Content/NCL_FOV/Substance_Textures/Base_Plastic__INST3_roughness.uasset" 497
"../../../../../../sofia/Documents/Unreal Projects/NCLCabinAR/Content/NCL_FOV/Substance_Materials/Base_Plastic__MAT_0.uasset" 498
"../../../../../../sofia/Documents/Unreal Projects/NCLCabinAR/Content/NCL_FOV/Substance_Textures/wood_cedar.uasset" 499
"../../../../../../sofia/Documents/Unreal Projects/NCLCabinAR/Content/NCL_FOV/Substance_Materials/Cedar_Wood_INST.uasset" 500
"../../../../../../sofia/Documents/Unreal Projects/NCLCabinAR/Content/NCL_FOV/Substance_Textures/Cedar_Wood_INST_ambient_occlusion.uasset" 501
"../../../../../../sofia/Documents/Unreal Projects/NCLCabinAR/Content/NCL_FOV/Substance_Textures/Cedar_Wood_INST_basecolor.uasset" 502
"../../../../../../sofia/Documents/Unreal Projects/NCLCabinAR/Content/NCL_FOV/Substance_Textures/Cedar_Wood_INST_metallic.uasset" 503
"../../../../../../sofia/Documents/Unreal Projects/NCLCabinAR/Content/NCL_FOV/Substance_Textures/Cedar_Wood_INST_normal.uasset" 504
"../../../../../../sofia/Documents/Unreal Projects/NCLCabinAR/Content/NCL_FOV/Substance_Textures/Cedar_Wood_INST_roughness.uasset" 505
"../../../../../../sofia/Documents/Unreal Projects/NCLCabinAR/Content/NCL_FOV/Substance_Materials/Cedar_Wood_MAT.uasset" 506
"../../../../../../sofia/Documents/Unreal Projects/NCLCabinAR/Content/NCL_FOV/Textures/Subtance_Textures/aluminium_clean.uasset" 507
"../../../../../../sofia/Documents/Unreal Projects/NCLCabinAR/Content/NCL_FOV/Substance_Materials/Clean_Aluminium__INST.uasset" 508
"../../../../../../sofia/Documents/Unreal Projects/NCLCabinAR/Content/NCL_FOV/Textures/Subtance_Textures/Clean_Aluminium__INST_basecolor.uasset" 509
"../../../../../../sofia/Documents/Unreal Projects/NCLCabinAR/Content/NCL_FOV/Textures/Subtance_Textures/Clean_Aluminium__INST_metallic.uasset" 510
"../../../../../../sofia/Documents/Unreal Projects/NCLCabinAR/Content/NCL_FOV/Textures/Subtance_Textures/Clean_Aluminium__INST_normal.uasset" 511
"../../../../../../sofia/Documents/Unreal Projects/NCLCabinAR/Content/NCL_FOV/Textures/Subtance_Textures/Clean_Aluminium__INST_roughness.uasset" 512
"../../../../../../sofia/Documents/Unreal Projects/NCLCabinAR/Content/NCL_FOV/Substance_Materials/Clean_Aluminium__MAT.uasset" 513
"../../../../../../sofia/Documents/Unreal Projects/NCLCabinAR/Content/NCL_FOV/Substance_Textures/dmls_cobalt_chrome_polished.uasset" 514
"../../../../../../sofia/Documents/Unreal Projects/NCLCabinAR/Content/NCL_FOV/Substance_Materials/Dmls_Cobalt_Chrome_Polished_INST.uasset" 515
"../../../../../../sofia/Documents/Unreal Projects/NCLCabinAR/Content/NCL_FOV/Substance_Textures/Dmls_Cobalt_Chrome_Polished_INST_basecolor.uasset" 516
"../../../../../../sofia/Documents/Unreal Projects/NCLCabinAR/Content/NCL_FOV/Substance_Textures/Dmls_Cobalt_Chrome_Polished_INST_metallic.uasset" 517
"../../../../../../sofia/Documents/Unreal Projects/NCLCabinAR/Content/NCL_FOV/Substance_Textures/Dmls_Cobalt_Chrome_Polished_INST_normal.uasset" 518
"../../../../../../sofia/Documents/Unreal Projects/NCLCabinAR/Content/NCL_FOV/Substance_Textures/Dmls_Cobalt_Chrome_Polished_INST_roughness.uasset" 519
"../../../../../../sofia/Documents/Unreal Projects/NCLCabinAR/Content/NCL_FOV/Substance_Materials/Dmls_Cobalt_Chrome_Polished_MAT.uasset" 520
"../../../../../../sofia/Documents/Unreal Projects/NCLCabinAR/Content/NCL_FOV/Substance_Textures/resin_epoxy.uasset" 521
"../../../../../../sofia/Documents/Unreal Projects/NCLCabinAR/Content/NCL_FOV/Substance_Materials/Resin_Epoxy_INST.uasset" 522
"../../../../../../sofia/Documents/Unreal Projects/NCLCabinAR/Content/NCL_FOV/Substance_Textures/Resin_Epoxy_INST_basecolor.uasset" 523
"../../../../../../sofia/Documents/Unreal Projects/NCLCabinAR/Content/NCL_FOV/Substance_Textures/Resin_Epoxy_INST_metallic.uasset" 524
"../../../../../../sofia/Documents/Unreal Projects/NCLCabinAR/Content/NCL_FOV/Substance_Textures/Resin_Epoxy_INST_normal.uasset" 525
"../../../../../../sofia/Documents/Unreal Projects/NCLCabinAR/Content/NCL_FOV/Substance_Textures/Resin_Epoxy_INST_roughness.uasset" 526
"../../../../../../sofia/Documents/Unreal Projects/NCLCabinAR/Content/NCL_FOV/Substance_Materials/Resin_Epoxy_MAT.uasset" 527
"../../../../../../sofia/Documents/Unreal Projects/NCLCabinAR/Content/NCL_FOV/Textures/Subtance_Textures/paint_satin.uasset" 528
"../../../../../../sofia/Documents/Unreal Projects/NCLCabinAR/Content/NCL_FOV/Substance_Materials/Satin_Paint__INST.uasset" 529
"../../../../../../sofia/Documents/Unreal Projects/NCLCabinAR/Content/NCL_FOV/Textures/Subtance_Textures/Satin_Paint__INST_basecolor.uasset" 530
"../../../../../../sofia/Documents/Unreal Projects/NCLCabinAR/Content/NCL_FOV/Textures/Subtance_Textures/Satin_Paint__INST_metallic.uasset" 531
"../../../../../../sofia/Documents/Unreal Projects/NCLCabinAR/Content/NCL_FOV/Textures/Subtance_Textures/Satin_Paint__INST_normal.uasset" 532
"../../../../../../sofia/Documents/Unreal Projects/NCLCabinAR/Content/NCL_FOV/Textures/Subtance_Textures/Satin_Paint__INST_roughness.uasset" 533
"../../../../../../sofia/Documents/Unreal Projects/NCLCabinAR/Content/NCL_FOV/Substance_Materials/Satin_Paint__MAT.uasset" 534
"../../../../../../sofia/Documents/Unreal Projects/NCLCabinAR/Content/NCL_FOV/Textures/Subtance_Textures/Silk_Smooth_Red_INST_ambient_occlusion.uasset" 535
"../../../../../../sofia/Documents/Unreal Projects/NCLCabinAR/Content/NCL_FOV/Textures/Subtance_Textures/Silk_Smooth_Red_INST_basecolor.uasset" 536
"../../../../../../sofia/Documents/Unreal Projects/NCLCabinAR/Content/NCL_FOV/Textures/Subtance_Textures/Silk_Smooth_Red_INST_metallic.uasset" 537
"../../../../../../sofia/Documents/Unreal Projects/NCLCabinAR/Content/NCL_FOV/Textures/Subtance_Textures/Silk_Smooth_Red_INST_normal.uasset" 538
"../../../../../../sofia/Documents/Unreal Projects/NCLCabinAR/Content/NCL_FOV/Textures/Subtance_Textures/Silk_Smooth_Red_INST_roughness.uasset" 539
"../../../../../../sofia/Documents/Unreal Projects/NCLCabinAR/Content/NCL_FOV/Substance_Materials/Silk_Smooth_Red_MAT.uasset" 540
"../../../../../../sofia/Documents/Unreal Projects/NCLCabinAR/Content/NCL_FOV/Substance_Materials/Silk_Smooth_Red_INST.uasset" 541
"../../../../../../sofia/Documents/Unreal Projects/NCLCabinAR/Content/NCL_FOV/Textures/Subtance_Textures/silk_smooth_red.uasset" 542
"../../../../../../sofia/Documents/Unreal Projects/NCLCabinAR/Content/NCL_FOV/Substance_Materials/Curtain_INST.uasset" 543
"../../../../../../sofia/Documents/Unreal Projects/NCLCabinAR/Content/NCL_FOV/Substance_Textures/Silk_Smooth_Red_INST1_ambient_occlusion.uasset" 544
"../../../../../../sofia/Documents/Unreal Projects/NCLCabinAR/Content/NCL_FOV/Textures/T_CurtainFabricS.uasset" 545
"../../../../../../sofia/Documents/Unreal Projects/NCLCabinAR/Content/NCL_FOV/Substance_Materials/Silk_Smooth_Red_MAT_0.uasset" 546
"../../../../../../sofia/Documents/Unreal Projects/NCLCabinAR/Content/NCL_FOV/Substance_Textures/Zebrano_Quarter_Cut_Closet_basecolor.uasset" 547
"../../../../../../sofia/Documents/Unreal Projects/NCLCabinAR/Content/NCL_FOV/Substance_Textures/Zebrano_Quarter_Cut_Closet_metallic.uasset" 548
"../../../../../../sofia/Documents/Unreal Projects/NCLCabinAR/Content/NCL_FOV/Substance_Textures/Zebrano_Quarter_Cut_Closet_normal.uasset" 549
"../../../../../../sofia/Documents/Unreal Projects/NCLCabinAR/Content/NCL_FOV/Substance_Textures/Zebrano_Quarter_Cut_Closet_roughness.uasset" 550
"../../../../../../sofia/Documents/Unreal Projects/NCLCabinAR/Content/NCL_FOV/Substance_Materials/Zebrano_Quarter_Cut_MAT_Closet.uasset" 551
"../../../../../../sofia/Documents/Unreal Projects/NCLCabinAR/Content/NCL_FOV/Substance_Materials/Zebrano_Quarter_Cut_Closet.uasset" 552
"../../../../../../sofia/Documents/Unreal Projects/NCLCabinAR/Content/NCL_FOV/Substance_Textures/Zebrano_Quarter_Cut_INST_basecolor.uasset" 553
"../../../../../../sofia/Documents/Unreal Projects/NCLCabinAR/Content/NCL_FOV/Substance_Textures/Zebrano_Quarter_Cut_INST_metallic.uasset" 554
"../../../../../../sofia/Documents/Unreal Projects/NCLCabinAR/Content/NCL_FOV/Substance_Textures/Zebrano_Quarter_Cut_INST_normal.uasset" 555
"../../../../../../sofia/Documents/Unreal Projects/NCLCabinAR/Content/NCL_FOV/Substance_Textures/Zebrano_Quarter_Cut_INST_roughness.uasset" 556
"../../../../../../sofia/Documents/Unreal Projects/NCLCabinAR/Content/NCL_FOV/Substance_Materials/Zebrano_Quarter_Cut_MAT.uasset" 557
"../../../../../../sofia/Documents/Unreal Projects/NCLCabinAR/Content/NCL_FOV/Substance_Materials/Zebrano_Quarter_Cut_INST.uasset" 558
"../../../../../../sofia/Documents/Unreal Projects/NCLCabinAR/Content/NCL_FOV/Substance_Materials/zebrano_quarter_cut.uasset" 559
"../../../../../../sofia/Documents/Unreal Projects/NCLCabinAR/Content/NCL_FOV/Substance_Materials/Zebrano_Quarter_Cut_INST1.uasset" 560
"../../../../../../sofia/Documents/Unreal Projects/NCLCabinAR/Content/NCL_FOV/Substance_Textures/Zebrano_Quarter_Cut_INST1_basecolor.uasset" 561
"../../../../../../sofia/Documents/Unreal Projects/NCLCabinAR/Content/NCL_FOV/Substance_Textures/Zebrano_Quarter_Cut_INST1_normal.uasset" 562
"../../../../../../sofia/Documents/Unreal Projects/NCLCabinAR/Content/NCL_FOV/Substance_Textures/Zebrano_Quarter_Cut_INST1_roughness.uasset" 563
"../../../../../../sofia/Documents/Unreal Projects/NCLCabinAR/Content/NCL_FOV/Substance_Materials/Zebrano_Quarter_Cut_MAT_Vert.uasset" 564
"../../../../../../sofia/Documents/Unreal Projects/NCLCabinAR/Content/NCL_FOV/Textures/T_Bathroom.uasset" 565
"../../../../../../sofia/Documents/Unreal Projects/NCLCabinAR/Content/NCL_FOV/Textures/BathroomMirror_Mat.uasset" 566
"../../../../../../sofia/Documents/Unreal Projects/NCLCabinAR/Content/NCL_FOV/Textures/T_Carpet_512.uasset" 567
"../../../../../../sofia/Documents/Unreal Projects/NCLCabinAR/Content/NCL_FOV/Textures/T_Carpet_Normal.uasset" 568
"../../../../../../sofia/Documents/Unreal Projects/NCLCabinAR/Content/NCL_FOV/Textures/carpetpattern_Mat.uasset" 569
"../../../Engine/Content/Functions/Engine_MaterialFunctions02/Utility/BlendAngleCorrectedNormals.uasset" 570
"../../../Engine/Content/Functions/Engine_MaterialFunctions03/Procedurals/NormalFromHeightmap.uasset" 571
"../../../../../../sofia/Documents/Unreal Projects/NCLCabinAR/Content/AIUE_V02_001/Textures/base_Tex/test_grid_2.uasset" 572
"../../../../../../sofia/Documents/Unreal Projects/NCLCabinAR/Content/AIUE_V02_001/Textures/base_Tex/test_grid_2_normal.uasset" 573
"../../../../../../sofia/Documents/Unreal Projects/NCLCabinAR/Content/AIUE_V02_001/Materials/0_Base_MATs/BaseMat.uasset" 574
"../../../../../../sofia/Documents/Unreal Projects/NCLCabinAR/Content/AIUE_V02_001/Textures/dirt/dirt_002.uasset" 575
"../../../../../../sofia/Documents/Unreal Projects/NCLCabinAR/Content/AIUE_V02_001/Textures/dirt/noise_256x256.uasset" 576
"../../../../../../sofia/Documents/Unreal Projects/NCLCabinAR/Content/AIUE_V02_001/Materials/metal/chrome_002.uasset" 577
"../../../../../../sofia/Documents/Unreal Projects/NCLCabinAR/Content/ArchVis/Materials/M_Glas_MAt_Inst.uasset" 578
"../../../../../../sofia/Documents/Unreal Projects/NCLCabinAR/Content/Cloth_Materials/Textures/Cloth_linen_01_DIF.uasset" 579
"../../../../../../sofia/Documents/Unreal Projects/NCLCabinAR/Content/Cloth_Materials/Textures/Cloth_Linen_01_NRM.uasset" 580
"../../../../../../sofia/Documents/Unreal Projects/NCLCabinAR/Content/Cloth_Materials/Materials/Mat_Cloth_Linen_01.uasset" 581
"../../../../../../sofia/Documents/Unreal Projects/NCLCabinAR/Content/Cloth_Materials/Materials/Curtain_Cloth.uasset" 582
"../../../Engine/Content/EngineMaterials/BaseFlattenDiffuseMap.uasset" 583
"../../../Engine/Content/EngineMaterials/BaseFlattenEmissiveMap.uasset" 584
"../../../Engine/Content/EngineMaterials/BaseFlattenGrayscaleMap.uasset" 585
"../../../Engine/Content/EngineMaterials/BaseFlattenNormalMap.uasset" 586
"../../../Engine/Content/EngineMaterials/NewBaseFlattenMaterial.uasset" 587
"../../../../../../sofia/Documents/Unreal Projects/NCLCabinAR/Content/NCL_FOV/Textures/T_Base_Plastic_MAT_BaseColor.uasset" 588
"../../../../../../sofia/Documents/Unreal Projects/NCLCabinAR/Content/NCL_FOV/Textures/T_Base_Plastic_MAT_Metallic.uasset" 589
"../../../../../../sofia/Documents/Unreal Projects/NCLCabinAR/Content/NCL_FOV/Textures/T_Base_Plastic_MAT_Normal.uasset" 590
"../../../../../../sofia/Documents/Unreal Projects/NCLCabinAR/Content/NCL_FOV/Textures/T_Base_Plastic_MAT_Roughness.uasset" 591
"../../../../../../sofia/Documents/Unreal Projects/NCLCabinAR/Content/NCL_FOV/Materials/Base_Plastic_MAT.uasset" 592
"../../../Engine/Content/BasicShapes/Plane.uasset" 593
"../../../Engine/Content/EditorMaterials/AssetViewer/EpicQuadPanorama_CC+EV1.uasset" 594
"../../../Engine/Content/EditorResources/MatineeCam_D.uasset" 595
"../../../Engine/Content/EditorMaterials/MatineeCam_mat.uasset" 596
"../../../Engine/Content/EditorMeshes/MatineeCam_SM.uasset" 597
"../../../../../../sofia/Documents/Unreal Projects/NCLCabinAR/Content/AIUE_V02_001/Materials/glass/bathroom_012_perfume_fluid_v1_MAT.uasset" 598
"../../../../../../sofia/Documents/Unreal Projects/NCLCabinAR/Content/AIUE_V02_001/Materials/glass/bathroom_012_perfume_Glass_v1_MAT.uasset" 599
"../../../../../../sofia/Documents/Unreal Projects/NCLCabinAR/Content/AIUE_V02_001/Textures/prop/bathroom_012_perfume_emblem_v1_NRM.uasset" 600
"../../../../../../sofia/Documents/Unreal Projects/NCLCabinAR/Content/AIUE_V02_001/Materials/metal/bathroom_012_perfume_cup_v1_MAT.uasset" 601
"../../../../../../sofia/Documents/Unreal Projects/NCLCabinAR/Content/AIUE_V02_001/Meshes/bathroom/bathroom_012_perfume_v1_0.uasset" 602
"../../../../../../sofia/Documents/Unreal Projects/NCLCabinAR/Content/AIUE_V02_001/Textures/dirt/lamp_standing_005_v1_Col.uasset" 603
"../../../../../../sofia/Documents/Unreal Projects/NCLCabinAR/Content/AIUE_V02_001/Materials/metal/chrome_001.uasset" 604
"../../../../../../sofia/Documents/Unreal Projects/NCLCabinAR/Content/AIUE_V02_001/Meshes/bathroom/bathroom_016_towel_v1_0.uasset" 605
"../../../../../../sofia/Documents/Unreal Projects/NCLCabinAR/Content/AIUE_V02_001/Textures/prop/bathroom_035_toilet_paper_v1_Col.uasset" 606
"../../../../../../sofia/Documents/Unreal Projects/NCLCabinAR/Content/AIUE_V02_001/Textures/prop/bathroom_035_toilet_paper_v1_NRM.uasset" 607
"../../../../../../sofia/Documents/Unreal Projects/NCLCabinAR/Content/AIUE_V02_001/Materials/plastic/bathroom_035_toilet_paper_v2.uasset" 608
"../../../../../../sofia/Documents/Unreal Projects/NCLCabinAR/Content/AIUE_V02_001/Meshes/bathroom/bathroom_035_toilet_paper_v1.uasset" 609
"../../../../../../sofia/Documents/Unreal Projects/NCLCabinAR/Content/AIUE_V02_001/Textures/base_Tex/prop_book_001_spec.uasset" 610
"../../../../../../sofia/Documents/Unreal Projects/NCLCabinAR/Content/AIUE_V02_001/Textures/books/prop_book_033_col.uasset" 611
"../../../../../../sofia/Documents/Unreal Projects/NCLCabinAR/Content/AIUE_V02_001/Materials/books/prop_book_033_MAT.uasset" 612
"../../../../../../sofia/Documents/Unreal Projects/NCLCabinAR/Content/AIUE_V02_001/Textures/books/prop_pages_001_col.uasset" 613
"../../../../../../sofia/Documents/Unreal Projects/NCLCabinAR/Content/AIUE_V02_001/Textures/books/prop_pages_001_nrm.uasset" 614
"../../../../../../sofia/Documents/Unreal Projects/NCLCabinAR/Content/AIUE_V02_001/Materials/books/prop_pages_001_MAT.uasset" 615
"../../../../../../sofia/Documents/Unreal Projects/NCLCabinAR/Content/AIUE_V02_001/Meshes/books/prop_books_033.uasset" 616
"../../../../../../sofia/Documents/Unreal Projects/NCLCabinAR/Content/AIUE_V02_001/Textures/books/prop_book_034_col.uasset" 617
"../../../../../../sofia/Documents/Unreal Projects/NCLCabinAR/Content/AIUE_V02_001/Materials/books/prop_book_034_MAT.uasset" 618
"../../../../../../sofia/Documents/Unreal Projects/NCLCabinAR/Content/AIUE_V02_001/Meshes/books/prop_books_034.uasset" 619
"../../../../../../sofia/Documents/Unreal Projects/NCLCabinAR/Content/AIUE_V02_001/Textures/books/prop_book_035_col.uasset" 620
"../../../../../../sofia/Documents/Unreal Projects/NCLCabinAR/Content/AIUE_V02_001/Materials/books/prop_book_035_MAT.uasset" 621
"../../../../../../sofia/Documents/Unreal Projects/NCLCabinAR/Content/AIUE_V02_001/Meshes/books/prop_books_035.uasset" 622
"../../../../../../sofia/Documents/Unreal Projects/NCLCabinAR/Content/AIUE_V02_001/Materials/fabric/curtain_002.uasset" 623
"../../../../../../sofia/Documents/Unreal Projects/NCLCabinAR/Content/AIUE_V02_001/Meshes/curtain/curtain_001_v1_0.uasset" 624
"../../../../../../sofia/Documents/Unreal Projects/NCLCabinAR/Content/AIUE_V02_001/Textures/fabric/pillow/cloth_stripes_001.uasset" 625
"../../../../../../sofia/Documents/Unreal Projects/NCLCabinAR/Content/AIUE_V02_001/Textures/furniture/fabric_sofa_001_50x50.uasset" 626
"../../../../../../sofia/Documents/Unreal Projects/NCLCabinAR/Content/AIUE_V02_001/Materials/fabric/pillow/pillow_satin_002.uasset" 627
"../../../../../../sofia/Documents/Unreal Projects/NCLCabinAR/Content/AIUE_V02_001/Meshes/furniture/furniture_pillow_004_v1_0.uasset" 628
"../../../../../../sofia/Documents/Unreal Projects/NCLCabinAR/Content/AIUE_V02_001/Textures/dirt/dirt_003.uasset" 629
"../../../../../../sofia/Documents/Unreal Projects/NCLCabinAR/Content/AIUE_V02_001/Textures/fabric/fabric_wrinkles_002.uasset" 630
"../../../../../../sofia/Documents/Unreal Projects/NCLCabinAR/Content/AIUE_V02_001/Materials/fabric/pillow/pillow_white_001.uasset" 631
"../../../../../../sofia/Documents/Unreal Projects/NCLCabinAR/Content/AIUE_V02_001/Meshes/furniture/furniture_pillow_008_v2_0.uasset" 632
"../../../../../../sofia/Documents/Unreal Projects/NCLCabinAR/Content/AIUE_V02_002/Materials/fabric/black_rubber.uasset" 633
"../../../../../../sofia/Documents/Unreal Projects/NCLCabinAR/Content/AIUE_V02_002/Textures/props/test_grid_2.uasset" 634
"../../../../../../sofia/Documents/Unreal Projects/NCLCabinAR/Content/AIUE_V02_002/Textures/props/test_grid_2_normal.uasset" 635
"../../../../../../sofia/Documents/Unreal Projects/NCLCabinAR/Content/AIUE_V02_002/Materials/BaseMats/BaseMat.uasset" 636
"../../../../../../sofia/Documents/Unreal Projects/NCLCabinAR/Content/AIUE_V02_002/Textures/metal/metal_dirt_bump.uasset" 637
"../../../../../../sofia/Documents/Unreal Projects/NCLCabinAR/Content/AIUE_V02_002/Materials/plastic/plastic_white.uasset" 638
"../../../../../../sofia/Documents/Unreal Projects/NCLCabinAR/Content/AIUE_V02_002/Meshes/props/bottle_005_perfume_v1_0.uasset" 639
"../../../../../../sofia/Documents/Unreal Projects/NCLCabinAR/Content/AIUE_V02_002/Textures/dirt/scratches_003_1k.uasset" 640
"../../../../../../sofia/Documents/Unreal Projects/NCLCabinAR/Content/AIUE_V02_002/Materials/Metal/metal_chrome_v2.uasset" 641
"../../../../../../sofia/Documents/Unreal Projects/NCLCabinAR/Content/AIUE_V02_002/Materials/BaseMats/BaseMat_Coat.uasset" 642
"../../../../../../sofia/Documents/Unreal Projects/NCLCabinAR/Content/AIUE_V02_002/Materials/Metal/Metal_dark_coat_02.uasset" 643
"../../../../../../sofia/Documents/Unreal Projects/NCLCabinAR/Content/AIUE_V02_002/Meshes/props/bottle_007_perfume_v1_0.uasset" 644
"../../../../../../sofia/Documents/Unreal Projects/NCLCabinAR/Content/NCL_FOV/FBX/NCLGO_FOV_AppleBowl.uasset" 645
"../../../../../../sofia/Documents/Unreal Projects/NCLCabinAR/Content/NCL_FOV/FBX/NCLGO_FOV_Apples.uasset" 646
"../../../../../../sofia/Documents/Unreal Projects/NCLCabinAR/Content/NCL_FOV/FBX/NCLGO_FOV_ArtFrontBEd.uasset" 647
"../../../../../../sofia/Documents/Unreal Projects/NCLCabinAR/Content/NCL_FOV/FBX/NCLGO_FOV_ArtOverSofa.uasset" 648
"../../../../../../sofia/Documents/Unreal Projects/NCLCabinAR/Content/NCL_FOV/FBX/NCLGO_FOV_BackPole.uasset" 649
"../../../../../../sofia/Documents/Unreal Projects/NCLCabinAR/Content/NCL_FOV/FBX/NCLGO_FOV_BackWall_Unwrap.uasset" 650
"../../../../../../sofia/Documents/Unreal Projects/NCLCabinAR/Content/NCL_FOV/FBX/NCLGO_FOV_BalconyChair.uasset" 651
"../../../../../../sofia/Documents/Unreal Projects/NCLCabinAR/Content/NCL_FOV/FBX/NCLGO_FOV_BalconyDivider.uasset" 652
"../../../../../../sofia/Documents/Unreal Projects/NCLCabinAR/Content/NCL_FOV/FBX/NCLGO_FOV_BalconyOutside_Glass.uasset" 653
"../../../../../../sofia/Documents/Unreal Projects/NCLCabinAR/Content/NCL_FOV/FBX/NCLGO_FOV_Balocny.uasset" 654
"../../../../../../sofia/Documents/Unreal Projects/NCLCabinAR/Content/NCL_FOV/FBX/NCLGO_FOV_BalocnyFloor.uasset" 655
"../../../../../../sofia/Documents/Unreal Projects/NCLCabinAR/Content/NCL_FOV/FBX/NCLGO_FOV_BaseBoard.uasset" 656
"../../../../../../sofia/Documents/Unreal Projects/NCLCabinAR/Content/NCL_FOV/FBX/NCLGO_FOV_BaseBoard2.uasset" 657
"../../../../../../sofia/Documents/Unreal Projects/NCLCabinAR/Content/NCL_FOV/FBX/NCLGO_FOV_Bathroom_Hinge.uasset" 658
"../../../../../../sofia/Documents/Unreal Projects/NCLCabinAR/Content/NCL_FOV/FBX/NCLGO_FOV_BathroomBacksplash.uasset" 659
"../../../../../../sofia/Documents/Unreal Projects/NCLCabinAR/Content/NCL_FOV/FBX/NCLGO_FOV_BathroomCabinetBase.uasset" 660
"../../../../../../sofia/Documents/Unreal Projects/NCLCabinAR/Content/NCL_FOV/FBX/NCLGO_FOV_BathroomCabinetSide.uasset" 661
"../../../../../../sofia/Documents/Unreal Projects/NCLCabinAR/Content/NCL_FOV/FBX/NCLGO_FOV_BathroomCabinetTop.uasset" 662
"../../../../../../sofia/Documents/Unreal Projects/NCLCabinAR/Content/NCL_FOV/FBX/NCLGO_FOV_BathroomDoor2.uasset" 663
"../../../../../../sofia/Documents/Unreal Projects/NCLCabinAR/Content/NCL_FOV/FBX/NCLGO_FOV_BathroomDoorHandle.uasset" 664
"../../../../../../sofia/Documents/Unreal Projects/NCLCabinAR/Content/NCL_FOV/FBX/NCLGO_FOV_BathroomDoors.uasset" 665
"../../../../../../sofia/Documents/Unreal Projects/NCLCabinAR/Content/NCL_FOV/FBX/NCLGO_FOV_BathroomDrawres.uasset" 666
"../../../../../../sofia/Documents/Unreal Projects/NCLCabinAR/Content/NCL_FOV/FBX/NCLGO_FOV_BathroomGlassDoor.uasset" 667
"../../../../../../sofia/Documents/Unreal Projects/NCLCabinAR/Content/NCL_FOV/FBX/NCLGO_FOV_BathroomGlassFrame.uasset" 668
"../../../../../../sofia/Documents/Unreal Projects/NCLCabinAR/Content/NCL_FOV/FBX/NCLGO_FOV_BathroomGrate.uasset" 669
"../../../../../../sofia/Documents/Unreal Projects/NCLCabinAR/Content/NCL_FOV/FBX/NCLGO_FOV_BathroomLedge.uasset" 670
"../../../../../../sofia/Documents/Unreal Projects/NCLCabinAR/Content/NCL_FOV/FBX/NCLGO_FOV_BathroomLightStrips.uasset" 671
"../../../../../../sofia/Documents/Unreal Projects/NCLCabinAR/Content/NCL_FOV/FBX/NCLGO_FOV_BathroomMirror.uasset" 672
"../../../../../../sofia/Documents/Unreal Projects/NCLCabinAR/Content/NCL_FOV/FBX/NCLGO_FOV_BathroomMullion2.uasset" 673
"../../../../../../sofia/Documents/Unreal Projects/NCLCabinAR/Content/NCL_FOV/FBX/NCLGO_FOV_BathroomSinkLight.uasset" 674
"../../../../../../sofia/Documents/Unreal Projects/NCLCabinAR/Content/NCL_FOV/FBX/NCLGO_FOV_BathroomTubSheleves.uasset" 675
"../../../../../../sofia/Documents/Unreal Projects/NCLCabinAR/Content/NCL_FOV/FBX/NCLGO_FOV_BathroomWall.uasset" 676
"../../../../../../sofia/Documents/Unreal Projects/NCLCabinAR/Content/NCL_FOV/FBX/NCLGO_FOV_BedBase.uasset" 677
"../../../../../../sofia/Documents/Unreal Projects/NCLCabinAR/Content/NCL_FOV/FBX/NCLGO_FOV_BedComforter2.uasset" 678
"../../../../../../sofia/Documents/Unreal Projects/NCLCabinAR/Content/NCL_FOV/FBX/NCLGO_FOV_BedThrow2.uasset" 679
"../../../../../../sofia/Documents/Unreal Projects/NCLCabinAR/Content/NCL_FOV/FBX/NCLGO_FOV_BolsterPillow.uasset" 680
"../../../../../../sofia/Documents/Unreal Projects/NCLCabinAR/Content/NCL_FOV/FBX/NCLGO_FOV_BumpBathroom_Wall.uasset" 681
"../../../../../../sofia/Documents/Unreal Projects/NCLCabinAR/Content/NCL_FOV/FBX/NCLGO_FOV_CeilingLamps.uasset" 682
"../../../../../../sofia/Documents/Unreal Projects/NCLCabinAR/Content/NCL_FOV/FBX/NCLGO_FOV_ChairRail.uasset" 683
"../../../../../../sofia/Documents/Unreal Projects/NCLCabinAR/Content/NCL_FOV/FBX/NCLGO_FOV_ClosetDoors.uasset" 684
"../../../../../../sofia/Documents/Unreal Projects/NCLCabinAR/Content/NCL_FOV/FBX/NCLGO_FOV_ClosetFloor.uasset" 685
"../../../../../../sofia/Documents/Unreal Projects/NCLCabinAR/Content/NCL_FOV/FBX/NCLGO_FOV_Closets.uasset" 686
"../../../../../../sofia/Documents/Unreal Projects/NCLCabinAR/Content/NCL_FOV/FBX/NCLGO_FOV_DeskBase.uasset" 687
"../../../../../../sofia/Documents/Unreal Projects/NCLCabinAR/Content/NCL_FOV/FBX/NCLGO_FOV_DeskCurve.uasset" 688
"../../../../../../sofia/Documents/Unreal Projects/NCLCabinAR/Content/NCL_FOV/FBX/NCLGO_FOV_DeskDoorLeft.uasset" 689
"../../../../../../sofia/Documents/Unreal Projects/NCLCabinAR/Content/NCL_FOV/FBX/NCLGO_FOV_DeskDoorRight.uasset" 690
"../../../../../../sofia/Documents/Unreal Projects/NCLCabinAR/Content/NCL_FOV/FBX/NCLGO_FOV_DeskLights.uasset" 691
"../../../../../../sofia/Documents/Unreal Projects/NCLCabinAR/Content/NCL_FOV/FBX/NCLGO_FOV_DeskOverhang.uasset" 692
"../../../../../../sofia/Documents/Unreal Projects/NCLCabinAR/Content/NCL_FOV/FBX/NCLGO_FOV_DeskTop.uasset" 693
"../../../../../../sofia/Documents/Unreal Projects/NCLCabinAR/Content/NCL_FOV/FBX/NCLGO_FOV_DeskUnderTV.uasset" 694
"../../../../../../sofia/Documents/Unreal Projects/NCLCabinAR/Content/NCL_FOV/FBX/NCLGO_FOV_DeskUnitBack.uasset" 695
"../../../../../../sofia/Documents/Unreal Projects/NCLCabinAR/Content/NCL_FOV/FBX/NCLGO_FOV_Faucet.uasset" 696
"../../../../../../sofia/Documents/Unreal Projects/NCLCabinAR/Content/NCL_FOV/FBX/NCLGO_FOV_Floor.uasset" 697
"../../../../../../sofia/Documents/Unreal Projects/NCLCabinAR/Content/NCL_FOV/FBX/NCLGO_FOV_FrontDoor2.uasset" 698
"../../../../../../sofia/Documents/Unreal Projects/NCLCabinAR/Content/NCL_FOV/FBX/NCLGO_FOV_FrontDoorMullion2.uasset" 699
"../../../../../../sofia/Documents/Unreal Projects/NCLCabinAR/Content/NCL_FOV/FBX/NCLGO_FOV_FrontHandle.uasset" 700
"../../../../../../sofia/Documents/Unreal Projects/NCLCabinAR/Content/NCL_FOV/FBX/NCLGO_FOV_Headboard.uasset" 701
"../../../../../../sofia/Documents/Unreal Projects/NCLCabinAR/Content/NCL_FOV/FBX/NCLGO_FOV_HeadboardBar.uasset" 702
"../../../../../../sofia/Documents/Unreal Projects/NCLCabinAR/Content/NCL_FOV/FBX/NCLGO_FOV_HeadboardBox.uasset" 703
"../../../../../../sofia/Documents/Unreal Projects/NCLCabinAR/Content/NCL_FOV/FBX/NCLGO_FOV_HeadboardFrame.uasset" 704
"../../../../../../sofia/Documents/Unreal Projects/NCLCabinAR/Content/NCL_FOV/FBX/NCLGO_FOV_HeadboardLight.uasset" 705
"../../../../../../sofia/Documents/Unreal Projects/NCLCabinAR/Content/NCL_FOV/FBX/NCLGO_FOV_IceBucket.uasset" 706
"../../../../../../sofia/Documents/Unreal Projects/NCLCabinAR/Content/NCL_FOV/FBX/NCLGO_FOV_IceBucket_Tray.uasset" 707
"../../../../../../sofia/Documents/Unreal Projects/NCLCabinAR/Content/NCL_FOV/FBX/NCLGO_FOV_IceBucketGlass.uasset" 708
"../../../../../../sofia/Documents/Unreal Projects/NCLCabinAR/Content/NCL_FOV/FBX/NCLGO_FOV_InsideClosetWall.uasset" 709
"../../../../../../sofia/Documents/Unreal Projects/NCLCabinAR/Content/NCL_FOV/FBX/NCLGO_FOV_LightStrips.uasset" 710
"../../../../../../sofia/Documents/Unreal Projects/NCLCabinAR/Content/NCL_FOV/FBX/NCLGO_FOV_Mattress.uasset" 711
"../../../../../../sofia/Documents/Unreal Projects/NCLCabinAR/Content/NCL_FOV/FBX/NCLGO_FOV_Mirror.uasset" 712
"../../../../../../sofia/Documents/Unreal Projects/NCLCabinAR/Content/NCL_FOV/FBX/NCLGO_FOV_Nightstand_Base.uasset" 713
"../../../../../../sofia/Documents/Unreal Projects/NCLCabinAR/Content/NCL_FOV/FBX/NCLGO_FOV_Nightstand_Cubbi.uasset" 714
"../../../../../../sofia/Documents/Unreal Projects/NCLCabinAR/Content/NCL_FOV/FBX/NCLGO_FOV_Nightstand_Door.uasset" 715
"../../../../../../sofia/Documents/Unreal Projects/NCLCabinAR/Content/NCL_FOV/FBX/NCLGO_FOV_Nightstand_Top.uasset" 716
"../../../../../../sofia/Documents/Unreal Projects/NCLCabinAR/Content/NCL_FOV/FBX/NCLGO_FOV_Nightstand_Under.uasset" 717
"../../../../../../sofia/Documents/Unreal Projects/NCLCabinAR/Content/NCL_FOV/FBX/NCLGO_FOV_Ottoman.uasset" 718
"../../../Engine/Content/Functions/Engine_MaterialFunctions02/Texturing/ScreenAlignedPixelToPixelUVs.uasset" 719
"../../../Engine/Content/EngineMaterials/Good64x64TilingNoiseHighFreq.uasset" 720
"../../../Engine/Content/Functions/Engine_MaterialFunctions02/Utility/DitherTemporalAA.uasset" 721
"../../../Engine/Content/Functions/Engine_MaterialFunctions02/WorldPositionOffset/ObjectPivotPoint.uasset" 722
"../../../../../../sofia/Documents/Unreal Projects/NCLCabinAR/Content/NCLCabinImport/AE_vol1/BASE_MAT/base_Tex/T_AE_vol1_black_BC.uasset" 723
"../../../../../../sofia/Documents/Unreal Projects/NCLCabinAR/Content/NCLCabinImport/AE_vol1/BASE_MAT/base_Tex/T_AE_vol1_test_grid_2_N.uasset" 724
"../../../../../../sofia/Documents/Unreal Projects/NCLCabinAR/Content/NCLCabinImport/AE_vol1/BASE_MAT/base_Tex/T_AE_vol1_test_grid_BC.uasset" 725
"../../../../../../sofia/Documents/Unreal Projects/NCLCabinAR/Content/NCLCabinImport/AE_vol1/BASE_MAT/base_Tex/T_AE_vol1_white_BC.uasset" 726
"../../../../../../sofia/Documents/Unreal Projects/NCLCabinAR/Content/NCLCabinImport/AE_vol1/BASE_MAT/M_AE_vol1_BaseMat_mask_simplified_Refract.uasset" 727
"../../../../../../sofia/Documents/Unreal Projects/NCLCabinAR/Content/NCLCabinImport/AE_vol1/Textures/dirt/T_AE_vol1_dirt_scratches_3_1k_M.uasset" 728
"../../../../../../sofia/Documents/Unreal Projects/NCLCabinAR/Content/NCLCabinImport/AE_vol1/Textures/glass/T_AE_vol1_glass_S.uasset" 729
"../../../../../../sofia/Documents/Unreal Projects/NCLCabinAR/Content/NCLCabinImport/AE_vol1/Materials/glass/MI_AE_vol1_glass_v6.uasset" 730
"../../../../../../sofia/Documents/Unreal Projects/NCLCabinAR/Content/NCL_FOV/FBX/NCLGO_FOV_Phone.uasset" 731
"../../../../../../sofia/Documents/Unreal Projects/NCLCabinAR/Content/NCL_FOV/FBX/NCLGO_FOV_Roof.uasset" 732
"../../../../../../sofia/Documents/Unreal Projects/NCLCabinAR/Content/NCL_FOV/FBX/NCLGO_FOV_Sconce.uasset" 733
"../../../../../../sofia/Documents/Unreal Projects/NCLCabinAR/Content/NCL_FOV/FBX/NCLGO_FOV_ShowerHead.uasset" 734
"../../../../../../sofia/Documents/Unreal Projects/NCLCabinAR/Content/NCL_FOV/FBX/NCLGO_FOV_Sink2.uasset" 735
"../../../../../../sofia/Documents/Unreal Projects/NCLCabinAR/Content/NCL_FOV/FBX/NCLGO_FOV_SinkDrain.uasset" 736
"../../../../../../sofia/Documents/Unreal Projects/NCLCabinAR/Content/NCL_FOV/FBX/NCLGO_FOV_SlidingDoor_Glass.uasset" 737
"../../../../../../sofia/Documents/Unreal Projects/NCLCabinAR/Content/NCL_FOV/FBX/NCLGO_FOV_SlidingDoor_Modling.uasset" 738
"../../../../../../sofia/Documents/Unreal Projects/NCLCabinAR/Content/NCL_FOV/FBX/NCLGO_FOV_SofaBack.uasset" 739
"../../../../../../sofia/Documents/Unreal Projects/NCLCabinAR/Content/NCL_FOV/FBX/NCLGO_FOV_SofaBase.uasset" 740
"../../../../../../sofia/Documents/Unreal Projects/NCLCabinAR/Content/NCL_FOV/FBX/NCLGO_FOV_SofaSeat.uasset" 741
"../../../../../../sofia/Documents/Unreal Projects/NCLCabinAR/Content/NCL_FOV/FBX/NCLGO_FOV_Toilet.uasset" 742
"../../../../../../sofia/Documents/Unreal Projects/NCLCabinAR/Content/NCL_FOV/FBX/NCLGO_FOV_TubBase.uasset" 743
"../../../../../../sofia/Documents/Unreal Projects/NCLCabinAR/Content/NCL_FOV/FBX/NCLGO_FOV_TubInside.uasset" 744
"../../../../../../sofia/Documents/Unreal Projects/NCLCabinAR/Content/NCL_FOV/FBX/NCLGO_FOV_TubOuter.uasset" 745
"../../../../../../sofia/Documents/Unreal Projects/NCLCabinAR/Content/AIUE_V02_001/Materials/plastic/plastic_black.uasset" 746
"../../../../../../sofia/Documents/Unreal Projects/NCLCabinAR/Content/NCL_FOV/FBX/NCLGO_FOV_TV.uasset" 747
"../../../../../../sofia/Documents/Unreal Projects/NCLCabinAR/Content/NCL_FOV/FBX/NCLGO_FOV_TVUnit.uasset" 748
"../../../../../../sofia/Documents/Unreal Projects/NCLCabinAR/Content/NCL_FOV/FBX/NCLGO_FOV_TVUnitFrame.uasset" 749
"../../../../../../sofia/Documents/Unreal Projects/NCLCabinAR/Content/NCL_FOV/FBX/NCLGO_FOV_TVUnitTV_Bar.uasset" 750
"../../../../../../sofia/Documents/Unreal Projects/NCLCabinAR/Content/NCL_FOV/FBX/NCLGO_FOV_TVUnitTV_Base.uasset" 751
"../../../../../../sofia/Documents/Unreal Projects/NCLCabinAR/Content/NCL_FOV/FBX/NCLGO_FOV_UnderSinkPole.uasset" 752
"../../../../../../sofia/Documents/Unreal Projects/NCLCabinAR/Content/NCL_FOV/FBX/NCLGO_FOV_WallHook.uasset" 753
"../../../../../../sofia/Documents/Unreal Projects/NCLCabinAR/Content/NCL_FOV/FBX/NCLGO_FOV_WallLeft_unwrap.uasset" 754
"../../../../../../sofia/Documents/Unreal Projects/NCLCabinAR/Content/NCL_FOV/FBX/NCLGO_FOV_WallRight_Unwrap.uasset" 755
"../../../../../../sofia/Documents/Unreal Projects/NCLCabinAR/Content/NCL_FOV/FBX/NCLGO_FOV_WallSpacer_Left.uasset" 756
"../../../../../../sofia/Documents/Unreal Projects/NCLCabinAR/Content/NCL_FOV/FBX/NCLGO_FOV_WallSpacer_Right.uasset" 757
"../../../../../../sofia/Documents/Unreal Projects/NCLCabinAR/Content/FullLevelBP/FullLevelActorBP.uasset" 758
"../../../Engine/Content/BasicShapes/BasicShapeMaterial.uasset" 759
"../../../Engine/Content/BasicShapes/Cube.uasset" 760
"../../../../../../sofia/Documents/Unreal Projects/NCLCabinAR/Content/CustomClasses/PlaceableCabin.uasset" 761
"../../../../../../sofia/Documents/Unreal Projects/NCLCabinAR/Content/AdvancedFunctionsAR/D_ARSessionConfig_Advanced.uasset" 762
"../../../../../../sofia/Documents/Unreal Projects/NCLCabinAR/Content/AdvancedFunctionsAR/SpineLogo.uasset" 763
"../../../../../../sofia/Documents/Unreal Projects/NCLCabinAR/Content/AdvancedFunctionsAR/BP_MainMenu_Advanced.uasset" 764
"../../../../../../sofia/Documents/Unreal Projects/NCLCabinAR/Content/HandheldARBP/D_ARSessionConfig.uasset" 765
"../../../Engine/Content/BasicShapes/Cone.uasset" 766
"../../../Engine/Content/BasicShapes/Cylinder.uasset" 767
"../../../Engine/Content/BasicShapes/Sphere.uasset" 768
"../../../../../../sofia/Documents/Unreal Projects/NCLCabinAR/Content/HandheldARBP/Blueprints/Placeable/BP_Placeable.uasset" 769
"../../../../../../sofia/Documents/Unreal Projects/NCLCabinAR/Content/HandheldARBP/Blueprints/UI/BP_MainMenu.uasset" 770
"../../../../../../sofia/Documents/Unreal Projects/NCLCabinAR/Content/HandheldARBP/Blueprints/GameFramework/BP_ARPawn.uasset" 771
"../../../../../../sofia/Documents/Unreal Projects/NCLCabinAR/Content/HandheldARBP/Blueprints/UI/BP_DebugMenu.uasset" 772
"../../../../../../sofia/Documents/Unreal Projects/NCLCabinAR/Content/AdvancedFunctionsAR/BP_ARPawn_Advanced.uasset" 773
"../../../../../../sofia/Documents/Unreal Projects/NCLCabinAR/Content/HandheldARBP/Blueprints/GameFramework/BP_ARPlayerController.uasset" 774
"../../../../../../sofia/Documents/Unreal Projects/NCLCabinAR/Content/HandheldARBP/Blueprints/GameFramework/BP_ARGameMode.uasset" 775
"../../../../../../sofia/Documents/Unreal Projects/NCLCabinAR/Content/HandheldARBP/Maps/HandheldARBlankMap_BuiltData.uasset" 776
"../../../Engine/Content/MapTemplates/daylight.uasset" 777
"../../../../../../sofia/Documents/Unreal Projects/NCLCabinAR/Content/HandheldARBP/Maps/HandheldARBlankMap.umap" 778
